<?xml version="1.0" encoding="UTF-8"?>
<testsuites>
  <testsuite name="" tests="1556" assertions="8018" failures="10" errors="0" time="135.670993">
    <testsuite name="Tests_Actions" file="/Users/nacin/Sites/develop.svn.wordpress.org/tests/tests/actions.php" fullPackage="Tests" tests="13" assertions="42" failures="0" errors="0" time="1.266563">
      <testcase name="test_simple_action" class="Tests_Actions" file="/Users/nacin/Sites/develop.svn.wordpress.org/tests/tests/actions.php" line="10" assertions="3" time="0.020172"/>
      <testcase name="test_remove_action" class="Tests_Actions" file="/Users/nacin/Sites/develop.svn.wordpress.org/tests/tests/actions.php" line="26" assertions="4" time="0.002018"/>
      <testcase name="test_has_action" class="Tests_Actions" file="/Users/nacin/Sites/develop.svn.wordpress.org/tests/tests/actions.php" line="45" assertions="6" time="0.002998"/>
      <testcase name="test_multiple_actions" class="Tests_Actions" file="/Users/nacin/Sites/develop.svn.wordpress.org/tests/tests/actions.php" line="60" assertions="2" time="0.002287"/>
      <testcase name="test_action_args_1" class="Tests_Actions" file="/Users/nacin/Sites/develop.svn.wordpress.org/tests/tests/actions.php" line="76" assertions="2" time="0.002582"/>
      <testcase name="test_action_args_2" class="Tests_Actions" file="/Users/nacin/Sites/develop.svn.wordpress.org/tests/tests/actions.php" line="89" assertions="4" time="0.002571"/>
      <testcase name="test_action_priority" class="Tests_Actions" file="/Users/nacin/Sites/develop.svn.wordpress.org/tests/tests/actions.php" line="111" assertions="2" time="0.003104"/>
      <testcase name="test_did_action" class="Tests_Actions" file="/Users/nacin/Sites/develop.svn.wordpress.org/tests/tests/actions.php" line="140" assertions="4" time="0.001997"/>
      <testcase name="test_all_action" class="Tests_Actions" file="/Users/nacin/Sites/develop.svn.wordpress.org/tests/tests/actions.php" line="160" assertions="4" time="0.002590"/>
      <testcase name="test_remove_all_action" class="Tests_Actions" file="/Users/nacin/Sites/develop.svn.wordpress.org/tests/tests/actions.php" line="184" assertions="6" time="0.002700"/>
      <testcase name="test_action_ref_array" class="Tests_Actions" file="/Users/nacin/Sites/develop.svn.wordpress.org/tests/tests/actions.php" line="204" assertions="2" time="0.002571"/>
      <testcase name="test_action_keyed_array" class="Tests_Actions" file="/Users/nacin/Sites/develop.svn.wordpress.org/tests/tests/actions.php" line="223" assertions="2" time="1.218762"/>
      <testcase name="test_action_self_removal" class="Tests_Actions" file="/Users/nacin/Sites/develop.svn.wordpress.org/tests/tests/actions.php" line="244" assertions="1" time="0.002211"/>
    </testsuite>
    <testsuite name="Tests_Actions_Callbacks" file="/Users/nacin/Sites/develop.svn.wordpress.org/tests/tests/actions/callbacks.php" fullPackage="Tests.Actions" tests="1" assertions="3" failures="0" errors="0" time="0.002897">
      <testcase name="test_callback_representations" class="Tests_Actions_Callbacks" file="/Users/nacin/Sites/develop.svn.wordpress.org/tests/tests/actions/callbacks.php" line="11" assertions="3" time="0.002897"/>
    </testsuite>
    <testsuite name="Tests_Admin_includesFile" file="/Users/nacin/Sites/develop.svn.wordpress.org/tests/tests/admin/includesFile.php" fullPackage="Tests.Admin" tests="1" assertions="4" failures="0" errors="0" time="0.011708">
      <testcase name="test_get_home_path" class="Tests_Admin_includesFile" file="/Users/nacin/Sites/develop.svn.wordpress.org/tests/tests/admin/includesFile.php" line="16" assertions="4" time="0.011708"/>
    </testsuite>
    <testsuite name="Tests_Admin_includesMisc" file="/Users/nacin/Sites/develop.svn.wordpress.org/tests/tests/admin/includesMisc.php" fullPackage="Tests.Admin" tests="1" assertions="6" failures="0" errors="0" time="0.002860">
      <testcase name="test_shorten_url" class="Tests_Admin_includesMisc" file="/Users/nacin/Sites/develop.svn.wordpress.org/tests/tests/admin/includesMisc.php" line="7" assertions="6" time="0.002860"/>
    </testsuite>
    <testsuite name="Tests_Admin_includesPlugin" file="/Users/nacin/Sites/develop.svn.wordpress.org/tests/tests/admin/includesPlugin.php" fullPackage="Tests.Admin" tests="2" assertions="27" failures="0" errors="0" time="0.070894">
      <testcase name="test_get_plugin_data" class="Tests_Admin_includesPlugin" file="/Users/nacin/Sites/develop.svn.wordpress.org/tests/tests/admin/includesPlugin.php" line="7" assertions="19" time="0.019278"/>
      <testcase name="test_menu_page_url" class="Tests_Admin_includesPlugin" file="/Users/nacin/Sites/develop.svn.wordpress.org/tests/tests/admin/includesPlugin.php" line="30" assertions="8" time="0.051616"/>
    </testsuite>
    <testsuite name="Tests_Admin_includesPost" file="/Users/nacin/Sites/develop.svn.wordpress.org/tests/tests/admin/includesPost.php" fullPackage="Tests.Admin" tests="2" assertions="24" failures="0" errors="0" time="0.195096">
      <testcase name="test__wp_translate_postdata_cap_checks_contributor" class="Tests_Admin_includesPost" file="/Users/nacin/Sites/develop.svn.wordpress.org/tests/tests/admin/includesPost.php" line="8" assertions="12" time="0.107658"/>
      <testcase name="test__wp_translate_postdata_cap_checks_editor" class="Tests_Admin_includesPost" file="/Users/nacin/Sites/develop.svn.wordpress.org/tests/tests/admin/includesPost.php" line="63" assertions="12" time="0.087438"/>
    </testsuite>
    <testsuite name="Tests_Admin_includesScreen" file="/Users/nacin/Sites/develop.svn.wordpress.org/tests/tests/admin/includesScreen.php" fullPackage="Tests.Admin" tests="8" assertions="296" failures="0" errors="0" time="0.019145">
      <testcase name="test_set_current_screen_with_hook_suffix" class="Tests_Admin_includesScreen" file="/Users/nacin/Sites/develop.svn.wordpress.org/tests/tests/admin/includesScreen.php" line="45" assertions="254" time="0.008448"/>
      <testcase name="test_post_type_as_hookname" class="Tests_Admin_includesScreen" file="/Users/nacin/Sites/develop.svn.wordpress.org/tests/tests/admin/includesScreen.php" line="94" assertions="3" time="0.000648"/>
      <testcase name="test_post_type_with_special_suffix_as_hookname" class="Tests_Admin_includesScreen" file="/Users/nacin/Sites/develop.svn.wordpress.org/tests/tests/admin/includesScreen.php" line="101" assertions="6" time="0.001328"/>
      <testcase name="test_taxonomy_with_special_suffix_as_hookname" class="Tests_Admin_includesScreen" file="/Users/nacin/Sites/develop.svn.wordpress.org/tests/tests/admin/includesScreen.php" line="114" assertions="3" time="0.001455"/>
      <testcase name="test_post_type_with_edit_prefix" class="Tests_Admin_includesScreen" file="/Users/nacin/Sites/develop.svn.wordpress.org/tests/tests/admin/includesScreen.php" line="122" assertions="6" time="0.001510"/>
      <testcase name="test_post_type_edit_collisions" class="Tests_Admin_includesScreen" file="/Users/nacin/Sites/develop.svn.wordpress.org/tests/tests/admin/includesScreen.php" line="135" assertions="4" time="0.002137"/>
      <testcase name="test_help_tabs" class="Tests_Admin_includesScreen" file="/Users/nacin/Sites/develop.svn.wordpress.org/tests/tests/admin/includesScreen.php" line="155" assertions="4" time="0.002707"/>
      <testcase name="test_in_admin" class="Tests_Admin_includesScreen" file="/Users/nacin/Sites/develop.svn.wordpress.org/tests/tests/admin/includesScreen.php" line="178" assertions="16" time="0.000912"/>
    </testsuite>
    <testsuite name="Tests_Admin_includesTemplate" file="/Users/nacin/Sites/develop.svn.wordpress.org/tests/tests/admin/includesTemplate.php" fullPackage="Tests.Admin" tests="2" assertions="26" failures="0" errors="0" time="0.005278">
      <testcase name="test_equal" class="Tests_Admin_includesTemplate" file="/Users/nacin/Sites/develop.svn.wordpress.org/tests/tests/admin/includesTemplate.php" line="6" assertions="20" time="0.002851"/>
      <testcase name="test_notequal" class="Tests_Admin_includesTemplate" file="/Users/nacin/Sites/develop.svn.wordpress.org/tests/tests/admin/includesTemplate.php" line="38" assertions="6" time="0.002427"/>
    </testsuite>
    <testsuite name="Tests_Admin_includesTheme" file="/Users/nacin/Sites/develop.svn.wordpress.org/tests/tests/admin/includesTheme.php" fullPackage="Tests.Admin" tests="1" assertions="5" failures="0" errors="0" time="0.036290">
      <testcase name="test_page_templates" class="Tests_Admin_includesTheme" file="/Users/nacin/Sites/develop.svn.wordpress.org/tests/tests/admin/includesTheme.php" line="42" assertions="5" time="0.036290"/>
    </testsuite>
    <testsuite name="Tests_AdminBar" file="/Users/nacin/Sites/develop.svn.wordpress.org/tests/tests/adminbar.php" fullPackage="Tests" tests="2" assertions="4" failures="0" errors="0" time="0.083977">
      <testcase name="test_content_post_type" class="Tests_AdminBar" file="/Users/nacin/Sites/develop.svn.wordpress.org/tests/tests/adminbar.php" line="29" assertions="2" time="0.039631"/>
      <testcase name="test_merging_existing_meta_values" class="Tests_AdminBar" file="/Users/nacin/Sites/develop.svn.wordpress.org/tests/tests/adminbar.php" line="46" assertions="2" time="0.044346"/>
    </testsuite>
    <testsuite name="Tests_Ajax_Autosave" file="/Users/nacin/Sites/develop.svn.wordpress.org/tests/tests/ajax/Autosave.php" fullPackage="WordPress.UnitTests" package="WordPress" subpackage="UnitTests" tests="0" assertions="0" failures="0" errors="0" time="0.000000"/>
    <testsuite name="Tests_Ajax_CompressionTest" file="/Users/nacin/Sites/develop.svn.wordpress.org/tests/tests/ajax/Compression.php" fullPackage="WordPress.UnitTests" package="WordPress" subpackage="UnitTests" tests="0" assertions="0" failures="0" errors="0" time="0.000000"/>
    <testsuite name="Tests_Ajax_DeleteComment" file="/Users/nacin/Sites/develop.svn.wordpress.org/tests/tests/ajax/DeleteComment.php" fullPackage="WordPress.UnitTests" package="WordPress" subpackage="UnitTests" tests="0" assertions="0" failures="0" errors="0" time="0.000000"/>
    <testsuite name="Tests_Ajax_DimComment" file="/Users/nacin/Sites/develop.svn.wordpress.org/tests/tests/ajax/DimComment.php" fullPackage="WordPress.UnitTests" package="WordPress" subpackage="UnitTests" tests="0" assertions="0" failures="0" errors="0" time="0.000000"/>
    <testsuite name="Tests_Ajax_EditComment" file="/Users/nacin/Sites/develop.svn.wordpress.org/tests/tests/ajax/EditComment.php" fullPackage="WordPress.UnitTests" package="WordPress" subpackage="UnitTests" tests="0" assertions="0" failures="0" errors="0" time="0.000000"/>
    <testsuite name="Tests_Ajax_GetComments" file="/Users/nacin/Sites/develop.svn.wordpress.org/tests/tests/ajax/GetComments.php" fullPackage="WordPress.UnitTests" package="WordPress" subpackage="UnitTests" tests="0" assertions="0" failures="0" errors="0" time="0.000000"/>
    <testsuite name="Tests_Ajax_MediaEdit" file="/Users/nacin/Sites/develop.svn.wordpress.org/tests/tests/ajax/MediaEdit.php" fullPackage="WordPress.UnitTests" package="WordPress" subpackage="UnitTests" tests="0" assertions="0" failures="0" errors="0" time="0.000000"/>
    <testsuite name="Tests_Ajax_ReplytoComment" file="/Users/nacin/Sites/develop.svn.wordpress.org/tests/tests/ajax/ReplytoComment.php" fullPackage="WordPress.UnitTests" package="WordPress" subpackage="UnitTests" tests="0" assertions="0" failures="0" errors="0" time="0.000000"/>
    <testsuite name="Tests_Ajax_Response" file="/Users/nacin/Sites/develop.svn.wordpress.org/tests/tests/ajax/Response.php" fullPackage="WordPress.UnitTests" package="WordPress" subpackage="UnitTests" tests="0" assertions="0" failures="0" errors="0" time="0.000000"/>
    <testsuite name="Tests_Ajax_TagSearch" file="/Users/nacin/Sites/develop.svn.wordpress.org/tests/tests/ajax/TagSearch.php" fullPackage="WordPress.UnitTests" package="WordPress" subpackage="UnitTests" tests="0" assertions="0" failures="0" errors="0" time="0.000000"/>
    <testsuite name="Tests_Attachment_Slashes" file="/Users/nacin/Sites/develop.svn.wordpress.org/tests/tests/attachment/slashes.php" fullPackage="Tests.Attachment" tests="1" assertions="6" failures="0" errors="0" time="0.051499">
      <testcase name="test_wp_insert_attachment" class="Tests_Attachment_Slashes" file="/Users/nacin/Sites/develop.svn.wordpress.org/tests/tests/attachment/slashes.php" line="35" assertions="6" time="0.051499"/>
    </testsuite>
    <testsuite name="Tests_Auth" file="/Users/nacin/Sites/develop.svn.wordpress.org/tests/tests/auth.php" fullPackage="Tests" tests="4" assertions="14" failures="0" errors="0" time="0.356872">
      <testcase name="test_auth_cookie_valid" class="Tests_Auth" file="/Users/nacin/Sites/develop.svn.wordpress.org/tests/tests/auth.php" line="14" assertions="1" time="0.054921"/>
      <testcase name="test_auth_cookie_invalid" class="Tests_Auth" file="/Users/nacin/Sites/develop.svn.wordpress.org/tests/tests/auth.php" line="19" assertions="3" time="0.049831"/>
      <testcase name="test_auth_cookie_scheme" class="Tests_Auth" file="/Users/nacin/Sites/develop.svn.wordpress.org/tests/tests/auth.php" line="35" assertions="2" time="0.043741"/>
      <testcase name="test_password_trimming" class="Tests_Auth" file="/Users/nacin/Sites/develop.svn.wordpress.org/tests/tests/auth.php" line="48" assertions="8" time="0.208379"/>
    </testsuite>
    <testsuite name="Tests_Basic" file="/Users/nacin/Sites/develop.svn.wordpress.org/tests/tests/basic.php" fullPackage="Tests" tests="5" assertions="9" failures="0" errors="0" time="0.011055">
      <testcase name="test_true" class="Tests_Basic" file="/Users/nacin/Sites/develop.svn.wordpress.org/tests/tests/basic.php" line="21" assertions="1" time="0.001956"/>
      <testcase name="test_globals" class="Tests_Basic" file="/Users/nacin/Sites/develop.svn.wordpress.org/tests/tests/basic.php" line="26" assertions="2" time="0.002087"/>
      <testcase name="test_globals_bar" class="Tests_Basic" file="/Users/nacin/Sites/develop.svn.wordpress.org/tests/tests/basic.php" line="40" assertions="1" time="0.002246"/>
      <testcase name="test_strip_ws" class="Tests_Basic" file="/Users/nacin/Sites/develop.svn.wordpress.org/tests/tests/basic.php" line="48" assertions="4" time="0.002241"/>
      <testcase name="test_mask_input_value" class="Tests_Basic" file="/Users/nacin/Sites/develop.svn.wordpress.org/tests/tests/basic.php" line="75" assertions="1" time="0.002525"/>
    </testsuite>
    <testsuite name="Tests_Cache" file="/Users/nacin/Sites/develop.svn.wordpress.org/tests/tests/cache.php" fullPackage="Tests" tests="18" assertions="66" failures="0" errors="0" time="0.043311">
      <testcase name="test_miss" class="Tests_Cache" file="/Users/nacin/Sites/develop.svn.wordpress.org/tests/tests/cache.php" line="27" assertions="1" time="0.002543"/>
      <testcase name="test_add_get" class="Tests_Cache" file="/Users/nacin/Sites/develop.svn.wordpress.org/tests/tests/cache.php" line="31" assertions="1" time="0.002561"/>
      <testcase name="test_add_get_0" class="Tests_Cache" file="/Users/nacin/Sites/develop.svn.wordpress.org/tests/tests/cache.php" line="39" assertions="1" time="0.002377"/>
      <testcase name="test_add_get_null" class="Tests_Cache" file="/Users/nacin/Sites/develop.svn.wordpress.org/tests/tests/cache.php" line="48" assertions="2" time="0.002237"/>
      <testcase name="test_add" class="Tests_Cache" file="/Users/nacin/Sites/develop.svn.wordpress.org/tests/tests/cache.php" line="57" assertions="4" time="0.002617"/>
      <testcase name="test_replace" class="Tests_Cache" file="/Users/nacin/Sites/develop.svn.wordpress.org/tests/tests/cache.php" line="70" assertions="6" time="0.002502"/>
      <testcase name="test_set" class="Tests_Cache" file="/Users/nacin/Sites/develop.svn.wordpress.org/tests/tests/cache.php" line="84" assertions="4" time="0.002597"/>
      <testcase name="test_flush" class="Tests_Cache" file="/Users/nacin/Sites/develop.svn.wordpress.org/tests/tests/cache.php" line="97" assertions="2" time="0.001999"/>
      <testcase name="test_object_refs" class="Tests_Cache" file="/Users/nacin/Sites/develop.svn.wordpress.org/tests/tests/cache.php" line="115" assertions="4" time="0.002742"/>
      <testcase name="test_incr" class="Tests_Cache" file="/Users/nacin/Sites/develop.svn.wordpress.org/tests/tests/cache.php" line="137" assertions="3" time="0.002601"/>
      <testcase name="test_wp_cache_incr" class="Tests_Cache" file="/Users/nacin/Sites/develop.svn.wordpress.org/tests/tests/cache.php" line="150" assertions="3" time="0.002527"/>
      <testcase name="test_decr" class="Tests_Cache" file="/Users/nacin/Sites/develop.svn.wordpress.org/tests/tests/cache.php" line="163" assertions="4" time="0.002886"/>
      <testcase name="test_wp_cache_decr" class="Tests_Cache" file="/Users/nacin/Sites/develop.svn.wordpress.org/tests/tests/cache.php" line="183" assertions="4" time="0.002277"/>
      <testcase name="test_delete" class="Tests_Cache" file="/Users/nacin/Sites/develop.svn.wordpress.org/tests/tests/cache.php" line="200" assertions="5" time="0.002248"/>
      <testcase name="test_wp_cache_delete" class="Tests_Cache" file="/Users/nacin/Sites/develop.svn.wordpress.org/tests/tests/cache.php" line="215" assertions="5" time="0.001867"/>
      <testcase name="test_switch_to_blog" class="Tests_Cache" file="/Users/nacin/Sites/develop.svn.wordpress.org/tests/tests/cache.php" line="234" assertions="12" time="0.002382"/>
      <testcase name="test_wp_cache_init" class="Tests_Cache" file="/Users/nacin/Sites/develop.svn.wordpress.org/tests/tests/cache.php" line="279" assertions="1" time="0.002516"/>
      <testcase name="test_wp_cache_replace" class="Tests_Cache" file="/Users/nacin/Sites/develop.svn.wordpress.org/tests/tests/cache.php" line="287" assertions="4" time="0.001832"/>
    </testsuite>
    <testsuite name="Tests_Canonical" file="/Users/nacin/Sites/develop.svn.wordpress.org/tests/tests/canonical.php" fullPackage="Tests" tests="47" assertions="56" failures="0" errors="0" time="14.374428">
      <testsuite name="Tests_Canonical::test" tests="47" assertions="56" failures="0" errors="0" time="14.374428">
        <testcase name="test with data set #2" assertions="1" time="0.268433"/>
        <testcase name="test with data set #3" assertions="2" time="0.273727"/>
        <testcase name="test with data set #4" assertions="2" time="0.296572"/>
        <testcase name="test with data set #5" assertions="2" time="0.295036"/>
        <testcase name="test with data set #6" assertions="2" time="0.294538"/>
        <testcase name="test with data set #9" assertions="3" time="0.282912"/>
        <testcase name="test with data set #10" assertions="3" time="0.270354"/>
        <testcase name="test with data set #11" assertions="1" time="0.270945"/>
        <testcase name="test with data set #18" assertions="1" time="0.281535"/>
        <testcase name="test with data set #19" assertions="1" time="0.300982"/>
        <testcase name="test with data set #20" assertions="1" time="0.248142"/>
        <testcase name="test with data set #21" assertions="1" time="0.289851"/>
        <testcase name="test with data set #22" assertions="1" time="0.306610"/>
        <testcase name="test with data set #23" assertions="1" time="0.265680"/>
        <testcase name="test with data set #24" assertions="1" time="0.301229"/>
        <testcase name="test with data set #25" assertions="1" time="0.301372"/>
        <testcase name="test with data set #26" assertions="1" time="0.305861"/>
        <testcase name="test with data set #27" assertions="1" time="0.304100"/>
        <testcase name="test with data set #28" assertions="1" time="0.299827"/>
        <testcase name="test with data set #29" assertions="1" time="0.318111"/>
        <testcase name="test with data set #30" assertions="2" time="0.317497"/>
        <testcase name="test with data set #32" assertions="1" time="0.332627"/>
        <testcase name="test with data set #33" assertions="1" time="0.346187"/>
        <testcase name="test with data set #37" assertions="1" time="0.323709"/>
        <testcase name="test with data set #38" assertions="1" time="0.306353"/>
        <testcase name="test with data set #39" assertions="1" time="0.352991"/>
        <testcase name="test with data set #40" assertions="1" time="0.342040"/>
        <testcase name="test with data set #41" assertions="1" time="0.333092"/>
        <testcase name="test with data set #42" assertions="1" time="0.327346"/>
        <testcase name="test with data set #43" assertions="1" time="0.313522"/>
        <testcase name="test with data set #44" assertions="1" time="0.291620"/>
        <testcase name="test with data set #45" assertions="1" time="0.318445"/>
        <testcase name="test with data set #46" assertions="1" time="0.310959"/>
        <testcase name="test with data set #49" assertions="1" time="0.303209"/>
        <testcase name="test with data set #50" assertions="1" time="0.307127"/>
        <testcase name="test with data set #51" assertions="1" time="0.303185"/>
        <testcase name="test with data set #52" assertions="1" time="0.313254"/>
        <testcase name="test with data set #53" assertions="1" time="0.296173"/>
        <testcase name="test with data set #54" assertions="1" time="0.312467"/>
        <testcase name="test with data set #55" assertions="1" time="0.334956"/>
        <testcase name="test with data set #56" assertions="1" time="0.330481"/>
        <testcase name="test with data set #57" assertions="1" time="0.304210"/>
        <testcase name="test with data set #58" assertions="1" time="0.336293"/>
        <testcase name="test with data set #59" assertions="1" time="0.312042"/>
        <testcase name="test with data set #60" assertions="1" time="0.311105"/>
        <testcase name="test with data set #61" assertions="1" time="0.308070"/>
        <testcase name="test with data set #62" assertions="1" time="0.309651"/>
      </testsuite>
    </testsuite>
    <testsuite name="Tests_Canonical_CustomRules" file="/Users/nacin/Sites/develop.svn.wordpress.org/tests/tests/canonical/customRules.php" fullPackage="Tests.Canonical" tests="2" assertions="4" failures="0" errors="0" time="0.690837">
      <testsuite name="Tests_Canonical_CustomRules::test" tests="2" assertions="4" failures="0" errors="0" time="0.690837">
        <testcase name="test with data set #0" assertions="2" time="0.331091"/>
        <testcase name="test with data set #1" assertions="2" time="0.359746"/>
      </testsuite>
    </testsuite>
    <testsuite name="Tests_Canonical_NoRewrite" file="/Users/nacin/Sites/develop.svn.wordpress.org/tests/tests/canonical/noRewrite.php" fullPackage="Tests.Canonical" tests="9" assertions="13" failures="0" errors="0" time="2.743152">
      <testsuite name="Tests_Canonical_NoRewrite::test" tests="9" assertions="13" failures="0" errors="0" time="2.743152">
        <testcase name="test with data set #0" assertions="1" time="0.300615"/>
        <testcase name="test with data set #1" assertions="1" time="0.298658"/>
        <testcase name="test with data set #2" assertions="1" time="0.301470"/>
        <testcase name="test with data set #3" assertions="3" time="0.296418"/>
        <testcase name="test with data set #4" assertions="3" time="0.307302"/>
        <testcase name="test with data set #5" assertions="1" time="0.316321"/>
        <testcase name="test with data set #6" assertions="1" time="0.306754"/>
        <testcase name="test with data set #7" assertions="1" time="0.309331"/>
        <testcase name="test with data set #8" assertions="1" time="0.306283"/>
      </testsuite>
    </testsuite>
    <testsuite name="Tests_Canonical_PageOnFront" file="/Users/nacin/Sites/develop.svn.wordpress.org/tests/tests/canonical/pageOnFront.php" fullPackage="Tests.Canonical" tests="3" assertions="3" failures="0" errors="0" time="1.044376">
      <testsuite name="Tests_Canonical_PageOnFront::test" tests="3" assertions="3" failures="0" errors="0" time="1.044376">
        <testcase name="test with data set #0" assertions="1" time="0.347247"/>
        <testcase name="test with data set #1" assertions="1" time="0.340375"/>
        <testcase name="test with data set #2" assertions="1" time="0.356754"/>
      </testsuite>
    </testsuite>
    <testsuite name="Tests_Canonical_PermalinkFormat" file="/Users/nacin/Sites/develop.svn.wordpress.org/tests/tests/canonical/permalinkFormats.php" fullPackage="Tests.Canonical" tests="0" assertions="0" failures="0" errors="0" time="0.000000"/>
    <testsuite name="Tests_Comment" file="/Users/nacin/Sites/develop.svn.wordpress.org/tests/tests/comment.php" fullPackage="Tests" tests="1" assertions="3" failures="0" errors="0" time="0.047572">
      <testcase name="test_wp_update_comment" class="Tests_Comment" file="/Users/nacin/Sites/develop.svn.wordpress.org/tests/tests/comment.php" line="7" assertions="3" time="0.047572"/>
    </testsuite>
    <testsuite name="Tests_Comment_Query" file="/Users/nacin/Sites/develop.svn.wordpress.org/tests/tests/comment/query.php" fullPackage="Tests.Comment" tests="5" assertions="95" failures="0" errors="0" time="0.448102">
      <testcase name="test_get_comment_comment_approved_0" class="Tests_Comment_Query" file="/Users/nacin/Sites/develop.svn.wordpress.org/tests/tests/comment/query.php" line="18" assertions="1" time="0.007196"/>
      <testcase name="test_get_comment_comment_approved_1" class="Tests_Comment_Query" file="/Users/nacin/Sites/develop.svn.wordpress.org/tests/tests/comment/query.php" line="27" assertions="2" time="0.006670"/>
      <testcase name="test_get_comments_for_post" class="Tests_Comment_Query" file="/Users/nacin/Sites/develop.svn.wordpress.org/tests/tests/comment/query.php" line="37" assertions="66" time="0.184815"/>
      <testcase name="test_orderby_meta" class="Tests_Comment_Query" file="/Users/nacin/Sites/develop.svn.wordpress.org/tests/tests/comment/query.php" line="82" assertions="20" time="0.038821"/>
      <testcase name="test_get_status" class="Tests_Comment_Query" file="/Users/nacin/Sites/develop.svn.wordpress.org/tests/tests/comment/query.php" line="133" assertions="6" time="0.210600"/>
    </testsuite>
    <testsuite name="Tests_Comment_Slashes" file="/Users/nacin/Sites/develop.svn.wordpress.org/tests/tests/comment/slashes.php" fullPackage="Tests.Comment" tests="4" assertions="16" failures="0" errors="0" time="0.284735">
      <testcase name="test_wp_new_comment" class="Tests_Comment_Slashes" file="/Users/nacin/Sites/develop.svn.wordpress.org/tests/tests/comment/slashes.php" line="36" assertions="4" time="0.070768"/>
      <testcase name="test_edit_comment" class="Tests_Comment_Slashes" file="/Users/nacin/Sites/develop.svn.wordpress.org/tests/tests/comment/slashes.php" line="70" assertions="4" time="0.073031"/>
      <testcase name="test_wp_insert_comment" class="Tests_Comment_Slashes" file="/Users/nacin/Sites/develop.svn.wordpress.org/tests/tests/comment/slashes.php" line="107" assertions="4" time="0.065853"/>
      <testcase name="test_wp_update_comment" class="Tests_Comment_Slashes" file="/Users/nacin/Sites/develop.svn.wordpress.org/tests/tests/comment/slashes.php" line="135" assertions="4" time="0.075083"/>
    </testsuite>
    <testsuite name="Tests_Compat" file="/Users/nacin/Sites/develop.svn.wordpress.org/tests/tests/compat.php" fullPackage="Tests" tests="5" assertions="12" failures="0" errors="0" time="0.019201">
      <testcase name="test_mb_substr" class="Tests_Compat" file="/Users/nacin/Sites/develop.svn.wordpress.org/tests/tests/compat.php" line="7" assertions="4" time="0.005077"/>
      <testcase name="test_hash_hmac_simple" class="Tests_Compat" file="/Users/nacin/Sites/develop.svn.wordpress.org/tests/tests/compat.php" line="14" assertions="2" time="0.002308"/>
      <testcase name="test_hash_hmac_padding" class="Tests_Compat" file="/Users/nacin/Sites/develop.svn.wordpress.org/tests/tests/compat.php" line="19" assertions="2" time="0.002624"/>
      <testcase name="test_hash_hmac_output" class="Tests_Compat" file="/Users/nacin/Sites/develop.svn.wordpress.org/tests/tests/compat.php" line="24" assertions="2" time="0.003052"/>
      <testcase name="test_json_encode_decode" class="Tests_Compat" file="/Users/nacin/Sites/develop.svn.wordpress.org/tests/tests/compat.php" line="29" assertions="2" time="0.006140"/>
    </testsuite>
    <testsuite name="Tests_Cron" file="/Users/nacin/Sites/develop.svn.wordpress.org/tests/tests/cron.php" fullPackage="Tests" tests="11" assertions="34" failures="0" errors="0" time="0.090281">
      <testcase name="test_wp_get_schedule_empty" class="Tests_Cron" file="/Users/nacin/Sites/develop.svn.wordpress.org/tests/tests/cron.php" line="21" assertions="1" time="0.006025"/>
      <testcase name="test_schedule_event_single" class="Tests_Cron" file="/Users/nacin/Sites/develop.svn.wordpress.org/tests/tests/cron.php" line="27" assertions="2" time="0.007010"/>
      <testcase name="test_schedule_event_single_args" class="Tests_Cron" file="/Users/nacin/Sites/develop.svn.wordpress.org/tests/tests/cron.php" line="40" assertions="4" time="0.006806"/>
      <testcase name="test_schedule_event" class="Tests_Cron" file="/Users/nacin/Sites/develop.svn.wordpress.org/tests/tests/cron.php" line="57" assertions="2" time="0.006835"/>
      <testcase name="test_schedule_event_args" class="Tests_Cron" file="/Users/nacin/Sites/develop.svn.wordpress.org/tests/tests/cron.php" line="70" assertions="4" time="0.006324"/>
      <testcase name="test_unschedule_event" class="Tests_Cron" file="/Users/nacin/Sites/develop.svn.wordpress.org/tests/tests/cron.php" line="88" assertions="2" time="0.007898"/>
      <testcase name="test_clear_schedule" class="Tests_Cron" file="/Users/nacin/Sites/develop.svn.wordpress.org/tests/tests/cron.php" line="101" assertions="5" time="0.009375"/>
      <testcase name="test_clear_schedule_multiple_args" class="Tests_Cron" file="/Users/nacin/Sites/develop.svn.wordpress.org/tests/tests/cron.php" line="127" assertions="5" time="0.010354"/>
      <testcase name="test_clear_schedule_new_args" class="Tests_Cron" file="/Users/nacin/Sites/develop.svn.wordpress.org/tests/tests/cron.php" line="156" assertions="6" time="0.012224"/>
      <testcase name="test_duplicate_event" class="Tests_Cron" file="/Users/nacin/Sites/develop.svn.wordpress.org/tests/tests/cron.php" line="195" assertions="1" time="0.007554"/>
      <testcase name="test_not_duplicate_event" class="Tests_Cron" file="/Users/nacin/Sites/develop.svn.wordpress.org/tests/tests/cron.php" line="214" assertions="2" time="0.009876"/>
    </testsuite>
    <testsuite name="Tests_DB" file="/Users/nacin/Sites/develop.svn.wordpress.org/tests/tests/db.php" fullPackage="Tests" tests="4" assertions="12" failures="0" errors="0" time="0.020205">
      <testcase name="test_locale_floats" class="Tests_DB" file="/Users/nacin/Sites/develop.svn.wordpress.org/tests/tests/db.php" line="49" assertions="2" time="0.009748"/>
      <testcase name="test_wpdb_supposedly_protected_properties" class="Tests_DB" file="/Users/nacin/Sites/develop.svn.wordpress.org/tests/tests/db.php" line="92" assertions="5" time="0.003068"/>
      <testcase name="test_wpdb_nonexistent_properties" class="Tests_DB" file="/Users/nacin/Sites/develop.svn.wordpress.org/tests/tests/db.php" line="108" assertions="4" time="0.003538"/>
      <testcase name="test_double_escaped_placeholders" class="Tests_DB" file="/Users/nacin/Sites/develop.svn.wordpress.org/tests/tests/db.php" line="123" assertions="1" time="0.003851"/>
    </testsuite>
    <testsuite name="Tests_Dependencies" file="/Users/nacin/Sites/develop.svn.wordpress.org/tests/tests/dependencies.php" fullPackage="Tests" tests="7" assertions="56" failures="0" errors="0" time="0.016949">
      <testcase name="test_add" class="Tests_Dependencies" file="/Users/nacin/Sites/develop.svn.wordpress.org/tests/tests/dependencies.php" line="7" assertions="5" time="0.002420"/>
      <testcase name="test_remove" class="Tests_Dependencies" file="/Users/nacin/Sites/develop.svn.wordpress.org/tests/tests/dependencies.php" line="20" assertions="4" time="0.002609"/>
      <testcase name="test_enqueue" class="Tests_Dependencies" file="/Users/nacin/Sites/develop.svn.wordpress.org/tests/tests/dependencies.php" line="33" assertions="7" time="0.002800"/>
      <testcase name="test_dequeue" class="Tests_Dependencies" file="/Users/nacin/Sites/develop.svn.wordpress.org/tests/tests/dependencies.php" line="49" assertions="8" time="0.002131"/>
      <testcase name="test_enqueue_args" class="Tests_Dependencies" file="/Users/nacin/Sites/develop.svn.wordpress.org/tests/tests/dependencies.php" line="69" assertions="9" time="0.002196"/>
      <testcase name="test_dequeue_args" class="Tests_Dependencies" file="/Users/nacin/Sites/develop.svn.wordpress.org/tests/tests/dependencies.php" line="87" assertions="12" time="0.002106"/>
      <testcase name="test_query_and_registered_enqueued" class="Tests_Dependencies" file="/Users/nacin/Sites/develop.svn.wordpress.org/tests/tests/dependencies.php" line="114" assertions="11" time="0.002687"/>
    </testsuite>
    <testsuite name="Tests_Dependencies_jQuery" file="/Users/nacin/Sites/develop.svn.wordpress.org/tests/tests/dependencies/jquery.php" fullPackage="Tests.Dependencies" tests="3" assertions="36" failures="0" errors="0" time="0.038982">
      <testcase name="test_location_of_jquery" class="Tests_Dependencies_jQuery" file="/Users/nacin/Sites/develop.svn.wordpress.org/tests/tests/dependencies/jquery.php" line="9" assertions="9" time="0.018930"/>
      <testcase name="test_presence_of_jquery_no_conflict" class="Tests_Dependencies_jQuery" file="/Users/nacin/Sites/develop.svn.wordpress.org/tests/tests/dependencies/jquery.php" line="34" assertions="1" time="0.002308"/>
      <testcase name="test_dont_allow_deregister_core_scripts_in_admin" class="Tests_Dependencies_jQuery" file="/Users/nacin/Sites/develop.svn.wordpress.org/tests/tests/dependencies/jquery.php" line="44" assertions="26" time="0.017744"/>
    </testsuite>
    <testsuite name="Tests_Dependencies_Scripts" file="/Users/nacin/Sites/develop.svn.wordpress.org/tests/tests/dependencies/scripts.php" fullPackage="Tests.Dependencies" tests="2" assertions="4" failures="0" errors="0" time="0.009785">
      <testcase name="test_wp_enqueue_script" class="Tests_Dependencies_Scripts" file="/Users/nacin/Sites/develop.svn.wordpress.org/tests/tests/dependencies/scripts.php" line="27" assertions="2" time="0.004873"/>
      <testcase name="test_protocols" class="Tests_Dependencies_Scripts" file="/Users/nacin/Sites/develop.svn.wordpress.org/tests/tests/dependencies/scripts.php" line="49" assertions="2" time="0.004912"/>
    </testsuite>
    <testsuite name="Tests_Dependencies_Styles" file="/Users/nacin/Sites/develop.svn.wordpress.org/tests/tests/dependencies/styles.php" fullPackage="Tests.Dependencies" tests="2" assertions="4" failures="0" errors="0" time="0.009259">
      <testcase name="test_wp_enqueue_style" class="Tests_Dependencies_Styles" file="/Users/nacin/Sites/develop.svn.wordpress.org/tests/tests/dependencies/styles.php" line="27" assertions="2" time="0.004988"/>
      <testcase name="test_protocols" class="Tests_Dependencies_Styles" file="/Users/nacin/Sites/develop.svn.wordpress.org/tests/tests/dependencies/styles.php" line="49" assertions="2" time="0.004271"/>
    </testsuite>
    <testsuite name="Test_WP_Export_Query" file="/Users/nacin/Sites/develop.svn.wordpress.org/tests/tests/export/class-wp-export-query.php" fullPackage="Test.WP.Export" tests="0" assertions="0" failures="0" errors="0" time="0.000000"/>
    <testsuite name="Test_WP_Export_Functions" file="/Users/nacin/Sites/develop.svn.wordpress.org/tests/tests/export/functions.export.php" fullPackage="Test.WP.Export" tests="0" assertions="0" failures="0" errors="0" time="0.000000"/>
    <testsuite name="Test_WP_Export_Writers" file="/Users/nacin/Sites/develop.svn.wordpress.org/tests/tests/export/writers.php" fullPackage="Test.WP.Export" tests="0" assertions="0" failures="0" errors="0" time="0.000000"/>
    <testsuite name="Tests_Feed_RSS2" file="/Users/nacin/Sites/develop.svn.wordpress.org/tests/tests/feed/rss2.php" fullPackage="Tests.Feed" tests="2" assertions="11" failures="0" errors="0" time="0.946312">
      <testcase name="test_rss" class="Tests_Feed_RSS2" file="/Users/nacin/Sites/develop.svn.wordpress.org/tests/tests/feed/rss2.php" line="38" assertions="6" time="0.466878"/>
      <testcase name="test_channel" class="Tests_Feed_RSS2" file="/Users/nacin/Sites/develop.svn.wordpress.org/tests/tests/feed/rss2.php" line="58" assertions="5" time="0.479434"/>
    </testsuite>
    <testsuite name="Tests_File" file="/Users/nacin/Sites/develop.svn.wordpress.org/tests/tests/file.php" fullPackage="Tests" tests="8" assertions="21" failures="0" errors="0" time="0.030500">
      <testcase name="test_get_file_data" class="Tests_File" file="/Users/nacin/Sites/develop.svn.wordpress.org/tests/tests/file.php" line="19" assertions="6" time="0.003186"/>
      <testcase name="test_get_file_data_cr_line_endings" class="Tests_File" file="/Users/nacin/Sites/develop.svn.wordpress.org/tests/tests/file.php" line="48" assertions="3" time="0.002659"/>
      <testcase name="test_unique_filename_is_valid" class="Tests_File" file="/Users/nacin/Sites/develop.svn.wordpress.org/tests/tests/file.php" line="82" assertions="1" time="0.003130"/>
      <testcase name="test_unique_filename_is_unique" class="Tests_File" file="/Users/nacin/Sites/develop.svn.wordpress.org/tests/tests/file.php" line="91" assertions="3" time="0.004635"/>
      <testcase name="test_unique_filename_is_sanitized" class="Tests_File" file="/Users/nacin/Sites/develop.svn.wordpress.org/tests/tests/file.php" line="107" assertions="2" time="0.003118"/>
      <testcase name="test_unique_filename_with_slashes" class="Tests_File" file="/Users/nacin/Sites/develop.svn.wordpress.org/tests/tests/file.php" line="119" assertions="2" time="0.003425"/>
      <testcase name="test_unique_filename_multiple_ext" class="Tests_File" file="/Users/nacin/Sites/develop.svn.wordpress.org/tests/tests/file.php" line="132" assertions="2" time="0.007429"/>
      <testcase name="test_unique_filename_no_ext" class="Tests_File" file="/Users/nacin/Sites/develop.svn.wordpress.org/tests/tests/file.php" line="144" assertions="2" time="0.002918"/>
    </testsuite>
    <testsuite name="Tests_Filters" file="/Users/nacin/Sites/develop.svn.wordpress.org/tests/tests/filters.php" fullPackage="Tests" tests="11" assertions="54" failures="0" errors="0" time="0.049117">
      <testcase name="test_simple_filter" class="Tests_Filters" file="/Users/nacin/Sites/develop.svn.wordpress.org/tests/tests/filters.php" line="10" assertions="4" time="0.023157"/>
      <testcase name="test_remove_filter" class="Tests_Filters" file="/Users/nacin/Sites/develop.svn.wordpress.org/tests/tests/filters.php" line="27" assertions="6" time="0.002701"/>
      <testcase name="test_has_filter" class="Tests_Filters" file="/Users/nacin/Sites/develop.svn.wordpress.org/tests/tests/filters.php" line="47" assertions="6" time="0.002406"/>
      <testcase name="test_multiple_filters" class="Tests_Filters" file="/Users/nacin/Sites/develop.svn.wordpress.org/tests/tests/filters.php" line="62" assertions="3" time="0.001626"/>
      <testcase name="test_filter_args_1" class="Tests_Filters" file="/Users/nacin/Sites/develop.svn.wordpress.org/tests/tests/filters.php" line="79" assertions="3" time="0.002421"/>
      <testcase name="test_filter_args_2" class="Tests_Filters" file="/Users/nacin/Sites/develop.svn.wordpress.org/tests/tests/filters.php" line="93" assertions="5" time="0.002706"/>
      <testcase name="test_filter_priority" class="Tests_Filters" file="/Users/nacin/Sites/develop.svn.wordpress.org/tests/tests/filters.php" line="116" assertions="3" time="0.003473"/>
      <testcase name="test_all_filter" class="Tests_Filters" file="/Users/nacin/Sites/develop.svn.wordpress.org/tests/tests/filters.php" line="147" assertions="7" time="0.002874"/>
      <testcase name="test_remove_all_filter" class="Tests_Filters" file="/Users/nacin/Sites/develop.svn.wordpress.org/tests/tests/filters.php" line="171" assertions="10" time="0.002755"/>
      <testcase name="test_filter_ref_array" class="Tests_Filters" file="/Users/nacin/Sites/develop.svn.wordpress.org/tests/tests/filters.php" line="198" assertions="2" time="0.002276"/>
      <testcase name="test_filter_ref_array_result" class="Tests_Filters" file="/Users/nacin/Sites/develop.svn.wordpress.org/tests/tests/filters.php" line="217" assertions="5" time="0.002722"/>
    </testsuite>
    <testsuite name="Tests_Formatting_Autop" file="/Users/nacin/Sites/develop.svn.wordpress.org/tests/tests/formatting/Autop.php" fullPackage="Tests.Formatting" tests="3" assertions="5" failures="0" errors="0" time="0.013149">
      <testcase name="test_first_post" class="Tests_Formatting_Autop" file="/Users/nacin/Sites/develop.svn.wordpress.org/tests/tests/formatting/Autop.php" line="8" assertions="1" time="0.002958"/>
      <testcase name="test_skip_pre_elements" class="Tests_Formatting_Autop" file="/Users/nacin/Sites/develop.svn.wordpress.org/tests/tests/formatting/Autop.php" line="70" assertions="3" time="0.007239"/>
      <testcase name="test_skip_input_elements" class="Tests_Formatting_Autop" file="/Users/nacin/Sites/develop.svn.wordpress.org/tests/tests/formatting/Autop.php" line="97" assertions="1" time="0.002952"/>
    </testsuite>
    <testsuite name="Tests_Formatting_CleanPre" file="/Users/nacin/Sites/develop.svn.wordpress.org/tests/tests/formatting/CleanPre.php" fullPackage="Tests.Formatting" tests="4" assertions="4" failures="0" errors="0" time="0.006731">
      <testcase name="test_removes_self_closing_br_with_space" class="Tests_Formatting_CleanPre" file="/Users/nacin/Sites/develop.svn.wordpress.org/tests/tests/formatting/CleanPre.php" line="10" assertions="1" time="0.002151"/>
      <testcase name="test_removes_self_closing_br_without_space" class="Tests_Formatting_CleanPre" file="/Users/nacin/Sites/develop.svn.wordpress.org/tests/tests/formatting/CleanPre.php" line="17" assertions="1" time="0.001334"/>
      <testcase name="test_removes_html_br" class="Tests_Formatting_CleanPre" file="/Users/nacin/Sites/develop.svn.wordpress.org/tests/tests/formatting/CleanPre.php" line="27" assertions="1" time="0.001577"/>
      <testcase name="test_removes_p" class="Tests_Formatting_CleanPre" file="/Users/nacin/Sites/develop.svn.wordpress.org/tests/tests/formatting/CleanPre.php" line="33" assertions="1" time="0.001669"/>
    </testsuite>
    <testsuite name="Tests_Formatting_ConvertChars" file="/Users/nacin/Sites/develop.svn.wordpress.org/tests/tests/formatting/ConvertChars.php" fullPackage="Tests.Formatting" tests="5" assertions="7" failures="0" errors="0" time="0.012034">
      <testcase name="test_replaces_windows1252_entities_with_unicode_ones" class="Tests_Formatting_ConvertChars" file="/Users/nacin/Sites/develop.svn.wordpress.org/tests/tests/formatting/ConvertChars.php" line="7" assertions="1" time="0.002260"/>
      <testcase name="test_replaces_latin_letter_z_with_caron" class="Tests_Formatting_ConvertChars" file="/Users/nacin/Sites/develop.svn.wordpress.org/tests/tests/formatting/ConvertChars.php" line="16" assertions="1" time="0.002987"/>
      <testcase name="test_converts_html_br_and_hr_to_the_xhtml_self_closing_variety" class="Tests_Formatting_ConvertChars" file="/Users/nacin/Sites/develop.svn.wordpress.org/tests/tests/formatting/ConvertChars.php" line="22" assertions="3" time="0.002592"/>
      <testcase name="test_escapes_lone_ampersands" class="Tests_Formatting_ConvertChars" file="/Users/nacin/Sites/develop.svn.wordpress.org/tests/tests/formatting/ConvertChars.php" line="33" assertions="1" time="0.001963"/>
      <testcase name="test_removes_category_and_title_metadata_tags" class="Tests_Formatting_ConvertChars" file="/Users/nacin/Sites/develop.svn.wordpress.org/tests/tests/formatting/ConvertChars.php" line="37" assertions="1" time="0.002232"/>
    </testsuite>
    <testsuite name="Tests_Formatting_EscAttr" file="/Users/nacin/Sites/develop.svn.wordpress.org/tests/tests/formatting/EscAttr.php" fullPackage="Tests.Formatting" tests="2" assertions="7" failures="0" errors="0" time="0.008065">
      <testcase name="test_esc_attr_quotes" class="Tests_Formatting_EscAttr" file="/Users/nacin/Sites/develop.svn.wordpress.org/tests/tests/formatting/EscAttr.php" line="7" assertions="6" time="0.005331"/>
      <testcase name="test_esc_attr_amp" class="Tests_Formatting_EscAttr" file="/Users/nacin/Sites/develop.svn.wordpress.org/tests/tests/formatting/EscAttr.php" line="28" assertions="1" time="0.002734"/>
    </testsuite>
    <testsuite name="Tests_Formatting_EscHtml" file="/Users/nacin/Sites/develop.svn.wordpress.org/tests/tests/formatting/EscHtml.php" fullPackage="Tests.Formatting" tests="4" assertions="6" failures="0" errors="0" time="0.008921">
      <testcase name="test_esc_html_basics" class="Tests_Formatting_EscHtml" file="/Users/nacin/Sites/develop.svn.wordpress.org/tests/tests/formatting/EscHtml.php" line="7" assertions="3" time="0.002413"/>
      <testcase name="test_escapes_ampersands" class="Tests_Formatting_EscHtml" file="/Users/nacin/Sites/develop.svn.wordpress.org/tests/tests/formatting/EscHtml.php" line="23" assertions="1" time="0.001892"/>
      <testcase name="test_escapes_greater_and_less_than" class="Tests_Formatting_EscHtml" file="/Users/nacin/Sites/develop.svn.wordpress.org/tests/tests/formatting/EscHtml.php" line="29" assertions="1" time="0.002108"/>
      <testcase name="test_ignores_existing_entities" class="Tests_Formatting_EscHtml" file="/Users/nacin/Sites/develop.svn.wordpress.org/tests/tests/formatting/EscHtml.php" line="35" assertions="1" time="0.002508"/>
    </testsuite>
    <testsuite name="Tests_Formatting_EscTextarea" file="/Users/nacin/Sites/develop.svn.wordpress.org/tests/tests/formatting/EscTextarea.php" fullPackage="Tests.Formatting" tests="2" assertions="2" failures="0" errors="0" time="0.004097">
      <testcase name="test_esc_textarea_charset_iso_8859_1" class="Tests_Formatting_EscTextarea" file="/Users/nacin/Sites/develop.svn.wordpress.org/tests/tests/formatting/EscTextarea.php" line="16" assertions="1" time="0.001937"/>
      <testcase name="test_esc_textarea_charset_utf_8" class="Tests_Formatting_EscTextarea" file="/Users/nacin/Sites/develop.svn.wordpress.org/tests/tests/formatting/EscTextarea.php" line="30" assertions="1" time="0.002160"/>
    </testsuite>
    <testsuite name="Tests_Formatting_EscUrl" file="/Users/nacin/Sites/develop.svn.wordpress.org/tests/tests/formatting/EscUrl.php" fullPackage="Tests.Formatting" tests="9" assertions="31" failures="0" errors="0" time="0.025032">
      <testcase name="test_spaces" class="Tests_Formatting_EscUrl" file="/Users/nacin/Sites/develop.svn.wordpress.org/tests/tests/formatting/EscUrl.php" line="7" assertions="2" time="0.002605"/>
      <testcase name="test_bad_characters" class="Tests_Formatting_EscUrl" file="/Users/nacin/Sites/develop.svn.wordpress.org/tests/tests/formatting/EscUrl.php" line="12" assertions="10" time="0.003562"/>
      <testcase name="test_relative" class="Tests_Formatting_EscUrl" file="/Users/nacin/Sites/develop.svn.wordpress.org/tests/tests/formatting/EscUrl.php" line="26" assertions="4" time="0.002969"/>
      <testcase name="test_protocol" class="Tests_Formatting_EscUrl" file="/Users/nacin/Sites/develop.svn.wordpress.org/tests/tests/formatting/EscUrl.php" line="33" assertions="2" time="0.002114"/>
      <testcase name="test_protocol_case" class="Tests_Formatting_EscUrl" file="/Users/nacin/Sites/develop.svn.wordpress.org/tests/tests/formatting/EscUrl.php" line="41" assertions="2" time="0.002897"/>
      <testcase name="test_display_extras" class="Tests_Formatting_EscUrl" file="/Users/nacin/Sites/develop.svn.wordpress.org/tests/tests/formatting/EscUrl.php" line="46" assertions="2" time="0.002107"/>
      <testcase name="test_non_ascii" class="Tests_Formatting_EscUrl" file="/Users/nacin/Sites/develop.svn.wordpress.org/tests/tests/formatting/EscUrl.php" line="51" assertions="3" time="0.002706"/>
      <testcase name="test_feed" class="Tests_Formatting_EscUrl" file="/Users/nacin/Sites/develop.svn.wordpress.org/tests/tests/formatting/EscUrl.php" line="57" assertions="5" time="0.003319"/>
      <testcase name="test_protocol_relative_with_colon" class="Tests_Formatting_EscUrl" file="/Users/nacin/Sites/develop.svn.wordpress.org/tests/tests/formatting/EscUrl.php" line="80" assertions="1" time="0.002753"/>
    </testsuite>
    <testsuite name="Tests_Formatting_HtmlExcerpt" file="/Users/nacin/Sites/develop.svn.wordpress.org/tests/tests/formatting/HtmlExcerpt.php" fullPackage="Tests.Formatting" tests="3" assertions="6" failures="0" errors="0" time="0.007417">
      <testcase name="test_simple" class="Tests_Formatting_HtmlExcerpt" file="/Users/nacin/Sites/develop.svn.wordpress.org/tests/tests/formatting/HtmlExcerpt.php" line="7" assertions="1" time="0.002273"/>
      <testcase name="test_html" class="Tests_Formatting_HtmlExcerpt" file="/Users/nacin/Sites/develop.svn.wordpress.org/tests/tests/formatting/HtmlExcerpt.php" line="10" assertions="1" time="0.002297"/>
      <testcase name="test_entities" class="Tests_Formatting_HtmlExcerpt" file="/Users/nacin/Sites/develop.svn.wordpress.org/tests/tests/formatting/HtmlExcerpt.php" line="13" assertions="4" time="0.002847"/>
    </testsuite>
    <testsuite name="Tests_Formatting_IsEmail" file="/Users/nacin/Sites/develop.svn.wordpress.org/tests/tests/formatting/IsEmail.php" fullPackage="Tests.Formatting" tests="2" assertions="9" failures="0" errors="0" time="0.004567">
      <testcase name="test_returns_true_if_given_a_valid_email_address" class="Tests_Formatting_IsEmail" file="/Users/nacin/Sites/develop.svn.wordpress.org/tests/tests/formatting/IsEmail.php" line="7" assertions="4" time="0.002814"/>
      <testcase name="test_returns_false_if_given_an_invalid_email_address" class="Tests_Formatting_IsEmail" file="/Users/nacin/Sites/develop.svn.wordpress.org/tests/tests/formatting/IsEmail.php" line="19" assertions="5" time="0.001753"/>
    </testsuite>
    <testsuite name="Tests_Formatting_JSEscape" file="/Users/nacin/Sites/develop.svn.wordpress.org/tests/tests/formatting/JSEscape.php" fullPackage="Tests.Formatting" tests="7" assertions="7" failures="0" errors="0" time="0.012757">
      <testcase name="test_js_escape_simple" class="Tests_Formatting_JSEscape" file="/Users/nacin/Sites/develop.svn.wordpress.org/tests/tests/formatting/JSEscape.php" line="7" assertions="1" time="0.001535"/>
      <testcase name="test_js_escape_quotes" class="Tests_Formatting_JSEscape" file="/Users/nacin/Sites/develop.svn.wordpress.org/tests/tests/formatting/JSEscape.php" line="12" assertions="1" time="0.001830"/>
      <testcase name="test_js_escape_backslash" class="Tests_Formatting_JSEscape" file="/Users/nacin/Sites/develop.svn.wordpress.org/tests/tests/formatting/JSEscape.php" line="18" assertions="1" time="0.001462"/>
      <testcase name="test_js_escape_amp" class="Tests_Formatting_JSEscape" file="/Users/nacin/Sites/develop.svn.wordpress.org/tests/tests/formatting/JSEscape.php" line="25" assertions="1" time="0.001907"/>
      <testcase name="test_js_escape_quote_entity" class="Tests_Formatting_JSEscape" file="/Users/nacin/Sites/develop.svn.wordpress.org/tests/tests/formatting/JSEscape.php" line="30" assertions="1" time="0.001701"/>
      <testcase name="test_js_no_carriage_return" class="Tests_Formatting_JSEscape" file="/Users/nacin/Sites/develop.svn.wordpress.org/tests/tests/formatting/JSEscape.php" line="35" assertions="1" time="0.002068"/>
      <testcase name="test_js_escape_rn" class="Tests_Formatting_JSEscape" file="/Users/nacin/Sites/develop.svn.wordpress.org/tests/tests/formatting/JSEscape.php" line="41" assertions="1" time="0.002254"/>
    </testsuite>
    <testsuite name="Tests_Formatting_LikeEscape" file="/Users/nacin/Sites/develop.svn.wordpress.org/tests/tests/formatting/LikeEscape.php" fullPackage="Tests.Formatting" tests="0" assertions="0" failures="0" errors="0" time="0.000000"/>
    <testsuite name="Tests_Formatting_MakeClickable" file="/Users/nacin/Sites/develop.svn.wordpress.org/tests/tests/formatting/MakeClickable.php" fullPackage="Tests.Formatting" tests="17" assertions="76" failures="0" errors="0" time="0.048527">
      <testcase name="test_mailto_xss" class="Tests_Formatting_MakeClickable" file="/Users/nacin/Sites/develop.svn.wordpress.org/tests/tests/formatting/MakeClickable.php" line="7" assertions="1" time="0.002057"/>
      <testcase name="test_valid_mailto" class="Tests_Formatting_MakeClickable" file="/Users/nacin/Sites/develop.svn.wordpress.org/tests/tests/formatting/MakeClickable.php" line="12" assertions="5" time="0.002234"/>
      <testcase name="test_invalid_mailto" class="Tests_Formatting_MakeClickable" file="/Users/nacin/Sites/develop.svn.wordpress.org/tests/tests/formatting/MakeClickable.php" line="25" assertions="6" time="0.002548"/>
      <testcase name="test_strip_trailing_with_protocol" class="Tests_Formatting_MakeClickable" file="/Users/nacin/Sites/develop.svn.wordpress.org/tests/tests/formatting/MakeClickable.php" line="41" assertions="6" time="0.003018"/>
      <testcase name="test_strip_trailing_with_protocol_nothing_afterwards" class="Tests_Formatting_MakeClickable" file="/Users/nacin/Sites/develop.svn.wordpress.org/tests/tests/formatting/MakeClickable.php" line="66" assertions="7" time="0.003581"/>
      <testcase name="test_strip_trailing_without_protocol" class="Tests_Formatting_MakeClickable" file="/Users/nacin/Sites/develop.svn.wordpress.org/tests/tests/formatting/MakeClickable.php" line="93" assertions="6" time="0.002644"/>
      <testcase name="test_strip_trailing_without_protocol_nothing_afterwards" class="Tests_Formatting_MakeClickable" file="/Users/nacin/Sites/develop.svn.wordpress.org/tests/tests/formatting/MakeClickable.php" line="118" assertions="6" time="0.003329"/>
      <testcase name="test_iri" class="Tests_Formatting_MakeClickable" file="/Users/nacin/Sites/develop.svn.wordpress.org/tests/tests/formatting/MakeClickable.php" line="142" assertions="3" time="0.002765"/>
      <testcase name="test_brackets_in_urls" class="Tests_Formatting_MakeClickable" file="/Users/nacin/Sites/develop.svn.wordpress.org/tests/tests/formatting/MakeClickable.php" line="159" assertions="10" time="0.004509"/>
      <testcase name="test_real_world_examples" class="Tests_Formatting_MakeClickable" file="/Users/nacin/Sites/develop.svn.wordpress.org/tests/tests/formatting/MakeClickable.php" line="194" assertions="4" time="0.002709"/>
      <testcase name="test_twitter_hash_bang" class="Tests_Formatting_MakeClickable" file="/Users/nacin/Sites/develop.svn.wordpress.org/tests/tests/formatting/MakeClickable.php" line="213" assertions="3" time="0.002674"/>
      <testcase name="test_wrapped_in_angles" class="Tests_Formatting_MakeClickable" file="/Users/nacin/Sites/develop.svn.wordpress.org/tests/tests/formatting/MakeClickable.php" line="229" assertions="3" time="0.002549"/>
      <testcase name="test_preceded_by_punctuation" class="Tests_Formatting_MakeClickable" file="/Users/nacin/Sites/develop.svn.wordpress.org/tests/tests/formatting/MakeClickable.php" line="245" assertions="6" time="0.003261"/>
      <testcase name="test_dont_break_attributes" class="Tests_Formatting_MakeClickable" file="/Users/nacin/Sites/develop.svn.wordpress.org/tests/tests/formatting/MakeClickable.php" line="267" assertions="6" time="0.003092"/>
      <testcase name="test_click_inside_html" class="Tests_Formatting_MakeClickable" file="/Users/nacin/Sites/develop.svn.wordpress.org/tests/tests/formatting/MakeClickable.php" line="294" assertions="2" time="0.002927"/>
      <testcase name="test_no_links_within_links" class="Tests_Formatting_MakeClickable" file="/Users/nacin/Sites/develop.svn.wordpress.org/tests/tests/formatting/MakeClickable.php" line="308" assertions="1" time="0.002415"/>
      <testcase name="test_no_segfault" class="Tests_Formatting_MakeClickable" file="/Users/nacin/Sites/develop.svn.wordpress.org/tests/tests/formatting/MakeClickable.php" line="321" assertions="1" time="0.002215"/>
    </testsuite>
    <testsuite name="Tests_Formatting_MapDeep" file="/Users/nacin/Sites/develop.svn.wordpress.org/tests/tests/formatting/MapDeep.php" fullPackage="Tests.Formatting" tests="0" assertions="0" failures="0" errors="0" time="0.000000"/>
    <testsuite name="Tests_Formatting_RemoveAccents" file="/Users/nacin/Sites/develop.svn.wordpress.org/tests/tests/formatting/RemoveAccents.php" fullPackage="Tests.Formatting" tests="9" assertions="19" failures="0" errors="0" time="0.039851">
      <testcase name="test_remove_accents_simple" class="Tests_Formatting_RemoveAccents" file="/Users/nacin/Sites/develop.svn.wordpress.org/tests/tests/formatting/RemoveAccents.php" line="7" assertions="1" time="0.002454"/>
      <testcase name="test_remove_accents_latin1_supplement" class="Tests_Formatting_RemoveAccents" file="/Users/nacin/Sites/develop.svn.wordpress.org/tests/tests/formatting/RemoveAccents.php" line="14" assertions="1" time="0.004329"/>
      <testcase name="test_remove_accents_latin_extended_a" class="Tests_Formatting_RemoveAccents" file="/Users/nacin/Sites/develop.svn.wordpress.org/tests/tests/formatting/RemoveAccents.php" line="21" assertions="1" time="0.003577"/>
      <testcase name="test_remove_accents_latin_extended_b" class="Tests_Formatting_RemoveAccents" file="/Users/nacin/Sites/develop.svn.wordpress.org/tests/tests/formatting/RemoveAccents.php" line="28" assertions="1" time="0.003121"/>
      <testcase name="test_remove_accents_euro_pound_signs" class="Tests_Formatting_RemoveAccents" file="/Users/nacin/Sites/develop.svn.wordpress.org/tests/tests/formatting/RemoveAccents.php" line="32" assertions="2" time="0.004464"/>
      <testcase name="test_remove_accents_iso8859" class="Tests_Formatting_RemoveAccents" file="/Users/nacin/Sites/develop.svn.wordpress.org/tests/tests/formatting/RemoveAccents.php" line="37" assertions="1" time="0.002004"/>
      <testcase name="test_remove_accents_vowels_diacritic" class="Tests_Formatting_RemoveAccents" file="/Users/nacin/Sites/develop.svn.wordpress.org/tests/tests/formatting/RemoveAccents.php" line="50" assertions="6" time="0.009511"/>
      <testcase name="test_remove_accents_hanyu_pinyin" class="Tests_Formatting_RemoveAccents" file="/Users/nacin/Sites/develop.svn.wordpress.org/tests/tests/formatting/RemoveAccents.php" line="69" assertions="5" time="0.006797"/>
      <testcase name="test_remove_accents_germanic_umlauts" class="Tests_Formatting_RemoveAccents" file="/Users/nacin/Sites/develop.svn.wordpress.org/tests/tests/formatting/RemoveAccents.php" line="90" assertions="1" time="0.003594"/>
    </testsuite>
    <testsuite name="Tests_Formatting_SanitizeFileName" file="/Users/nacin/Sites/develop.svn.wordpress.org/tests/tests/formatting/SanitizeFileName.php" fullPackage="Tests.Formatting" tests="5" assertions="6" failures="0" errors="0" time="0.009898">
      <testcase name="test_munges_extensions" class="Tests_Formatting_SanitizeFileName" file="/Users/nacin/Sites/develop.svn.wordpress.org/tests/tests/formatting/SanitizeFileName.php" line="7" assertions="1" time="0.002764"/>
      <testcase name="test_removes_special_chars" class="Tests_Formatting_SanitizeFileName" file="/Users/nacin/Sites/develop.svn.wordpress.org/tests/tests/formatting/SanitizeFileName.php" line="13" assertions="1" time="0.002628"/>
      <testcase name="test_replaces_any_number_of_hyphens_with_one_hyphen" class="Tests_Formatting_SanitizeFileName" file="/Users/nacin/Sites/develop.svn.wordpress.org/tests/tests/formatting/SanitizeFileName.php" line="22" assertions="1" time="0.001897"/>
      <testcase name="test_trims_trailing_hyphens" class="Tests_Formatting_SanitizeFileName" file="/Users/nacin/Sites/develop.svn.wordpress.org/tests/tests/formatting/SanitizeFileName.php" line="26" assertions="1" time="0.001271"/>
      <testcase name="test_replaces_any_amount_of_whitespace_with_one_hyphen" class="Tests_Formatting_SanitizeFileName" file="/Users/nacin/Sites/develop.svn.wordpress.org/tests/tests/formatting/SanitizeFileName.php" line="30" assertions="2" time="0.001338"/>
    </testsuite>
    <testsuite name="Tests_Formatting_SanitizeMimeType" file="/Users/nacin/Sites/develop.svn.wordpress.org/tests/tests/formatting/SanitizeMimeType.php" fullPackage="Tests.Formatting" tests="1" assertions="22" failures="0" errors="0" time="0.002377">
      <testcase name="test_sanitize_valid_mime_type" class="Tests_Formatting_SanitizeMimeType" file="/Users/nacin/Sites/develop.svn.wordpress.org/tests/tests/formatting/SanitizeMimeType.php" line="8" assertions="22" time="0.002377"/>
    </testsuite>
    <testsuite name="Tests_Formatting_SanitizePost" file="/Users/nacin/Sites/develop.svn.wordpress.org/tests/tests/formatting/SanitizePost.php" fullPackage="Tests.Formatting" tests="1" assertions="5" failures="0" errors="0" time="0.028456">
      <testcase name="test_int_fields" class="Tests_Formatting_SanitizePost" file="/Users/nacin/Sites/develop.svn.wordpress.org/tests/tests/formatting/SanitizePost.php" line="11" assertions="5" time="0.028456"/>
    </testsuite>
    <testsuite name="Tests_Formatting_SanitizeTextField" file="/Users/nacin/Sites/develop.svn.wordpress.org/tests/tests/formatting/SanitizeTextField.php" fullPackage="Tests.Formatting" tests="1" assertions="13" failures="0" errors="0" time="0.003321">
      <testcase name="test_sanitize_text_field" class="Tests_Formatting_SanitizeTextField" file="/Users/nacin/Sites/develop.svn.wordpress.org/tests/tests/formatting/SanitizeTextField.php" line="8" assertions="13" time="0.003321"/>
    </testsuite>
    <testsuite name="Tests_Formatting_SanitizeTitle" file="/Users/nacin/Sites/develop.svn.wordpress.org/tests/tests/formatting/SanitizeTitle.php" fullPackage="Tests.Formatting" tests="2" assertions="2" failures="0" errors="0" time="0.004274">
      <testcase name="test_strips_html" class="Tests_Formatting_SanitizeTitle" file="/Users/nacin/Sites/develop.svn.wordpress.org/tests/tests/formatting/SanitizeTitle.php" line="7" assertions="1" time="0.002101"/>
      <testcase name="test_titles_sanitized_to_nothing_are_replaced_with_optional_fallback" class="Tests_Formatting_SanitizeTitle" file="/Users/nacin/Sites/develop.svn.wordpress.org/tests/tests/formatting/SanitizeTitle.php" line="13" assertions="1" time="0.002173"/>
    </testsuite>
    <testsuite name="Tests_Formatting_SanitizeTitleWithDashes" file="/Users/nacin/Sites/develop.svn.wordpress.org/tests/tests/formatting/SanitizeTitleWithDashes.php" fullPackage="Tests.Formatting" tests="16" assertions="27" failures="0" errors="0" time="0.042143">
      <testcase name="test_strips_html" class="Tests_Formatting_SanitizeTitleWithDashes" file="/Users/nacin/Sites/develop.svn.wordpress.org/tests/tests/formatting/SanitizeTitleWithDashes.php" line="7" assertions="1" time="0.002005"/>
      <testcase name="test_strips_unencoded_percent_signs" class="Tests_Formatting_SanitizeTitleWithDashes" file="/Users/nacin/Sites/develop.svn.wordpress.org/tests/tests/formatting/SanitizeTitleWithDashes.php" line="13" assertions="1" time="0.002402"/>
      <testcase name="test_makes_title_lowercase" class="Tests_Formatting_SanitizeTitleWithDashes" file="/Users/nacin/Sites/develop.svn.wordpress.org/tests/tests/formatting/SanitizeTitleWithDashes.php" line="17" assertions="1" time="0.002423"/>
      <testcase name="test_replaces_any_amount_of_whitespace_with_one_hyphen" class="Tests_Formatting_SanitizeTitleWithDashes" file="/Users/nacin/Sites/develop.svn.wordpress.org/tests/tests/formatting/SanitizeTitleWithDashes.php" line="21" assertions="2" time="0.002561"/>
      <testcase name="test_replaces_any_number_of_hyphens_with_one_hyphen" class="Tests_Formatting_SanitizeTitleWithDashes" file="/Users/nacin/Sites/develop.svn.wordpress.org/tests/tests/formatting/SanitizeTitleWithDashes.php" line="26" assertions="1" time="0.002216"/>
      <testcase name="test_trims_trailing_hyphens" class="Tests_Formatting_SanitizeTitleWithDashes" file="/Users/nacin/Sites/develop.svn.wordpress.org/tests/tests/formatting/SanitizeTitleWithDashes.php" line="30" assertions="1" time="0.002558"/>
      <testcase name="test_handles_non_entity_ampersands" class="Tests_Formatting_SanitizeTitleWithDashes" file="/Users/nacin/Sites/develop.svn.wordpress.org/tests/tests/formatting/SanitizeTitleWithDashes.php" line="34" assertions="1" time="0.002460"/>
      <testcase name="test_replaces_nbsp" class="Tests_Formatting_SanitizeTitleWithDashes" file="/Users/nacin/Sites/develop.svn.wordpress.org/tests/tests/formatting/SanitizeTitleWithDashes.php" line="52" assertions="1" time="0.002903"/>
      <testcase name="test_replaces_ndash_mdash" class="Tests_Formatting_SanitizeTitleWithDashes" file="/Users/nacin/Sites/develop.svn.wordpress.org/tests/tests/formatting/SanitizeTitleWithDashes.php" line="56" assertions="2" time="0.002278"/>
      <testcase name="test_replaces_iexcel_iquest" class="Tests_Formatting_SanitizeTitleWithDashes" file="/Users/nacin/Sites/develop.svn.wordpress.org/tests/tests/formatting/SanitizeTitleWithDashes.php" line="61" assertions="2" time="0.002896"/>
      <testcase name="test_replaces_angle_quotes" class="Tests_Formatting_SanitizeTitleWithDashes" file="/Users/nacin/Sites/develop.svn.wordpress.org/tests/tests/formatting/SanitizeTitleWithDashes.php" line="66" assertions="2" time="0.002856"/>
      <testcase name="test_replaces_curly_quotes" class="Tests_Formatting_SanitizeTitleWithDashes" file="/Users/nacin/Sites/develop.svn.wordpress.org/tests/tests/formatting/SanitizeTitleWithDashes.php" line="71" assertions="5" time="0.003305"/>
      <testcase name="test_replaces_copy_reg_deg_trade" class="Tests_Formatting_SanitizeTitleWithDashes" file="/Users/nacin/Sites/develop.svn.wordpress.org/tests/tests/formatting/SanitizeTitleWithDashes.php" line="79" assertions="4" time="0.002482"/>
      <testcase name="test_replaces_multiply_sign" class="Tests_Formatting_SanitizeTitleWithDashes" file="/Users/nacin/Sites/develop.svn.wordpress.org/tests/tests/formatting/SanitizeTitleWithDashes.php" line="89" assertions="1" time="0.002719"/>
      <testcase name="test_replaces_standalone_diacritic" class="Tests_Formatting_SanitizeTitleWithDashes" file="/Users/nacin/Sites/develop.svn.wordpress.org/tests/tests/formatting/SanitizeTitleWithDashes.php" line="96" assertions="1" time="0.002861"/>
      <testcase name="test_replaces_acute_accents" class="Tests_Formatting_SanitizeTitleWithDashes" file="/Users/nacin/Sites/develop.svn.wordpress.org/tests/tests/formatting/SanitizeTitleWithDashes.php" line="103" assertions="1" time="0.003218"/>
    </testsuite>
    <testsuite name="Tests_Formatting_SanitizeTrackbackUrls" file="/Users/nacin/Sites/develop.svn.wordpress.org/tests/tests/formatting/SanitizeTrackbackUrls.php" fullPackage="Tests.Formatting" tests="8" assertions="8" failures="0" errors="0" time="0.023416">
      <testsuite name="Tests_Formatting_SanitizeTrackbackUrls::test_sanitize_trackback_urls_with_multiple_urls" tests="8" assertions="8" failures="0" errors="0" time="0.023416">
        <testcase name="test_sanitize_trackback_urls_with_multiple_urls with data set #0" assertions="1" time="0.003046"/>
        <testcase name="test_sanitize_trackback_urls_with_multiple_urls with data set #1" assertions="1" time="0.003573"/>
        <testcase name="test_sanitize_trackback_urls_with_multiple_urls with data set #2" assertions="1" time="0.003239"/>
        <testcase name="test_sanitize_trackback_urls_with_multiple_urls with data set #3" assertions="1" time="0.002963"/>
        <testcase name="test_sanitize_trackback_urls_with_multiple_urls with data set #4" assertions="1" time="0.002664"/>
        <testcase name="test_sanitize_trackback_urls_with_multiple_urls with data set #5" assertions="1" time="0.003065"/>
        <testcase name="test_sanitize_trackback_urls_with_multiple_urls with data set #6" assertions="1" time="0.002504"/>
        <testcase name="test_sanitize_trackback_urls_with_multiple_urls with data set #7" assertions="1" time="0.002362"/>
      </testsuite>
    </testsuite>
    <testsuite name="Tests_Formatting_SanitizeUser" file="/Users/nacin/Sites/develop.svn.wordpress.org/tests/tests/formatting/SanitizeUser.php" fullPackage="Tests.Formatting" tests="3" assertions="3" failures="0" errors="0" time="0.007459">
      <testcase name="test_strips_html" class="Tests_Formatting_SanitizeUser" file="/Users/nacin/Sites/develop.svn.wordpress.org/tests/tests/formatting/SanitizeUser.php" line="7" assertions="1" time="0.001860"/>
      <testcase name="test_strips_percent_encoded_octets" class="Tests_Formatting_SanitizeUser" file="/Users/nacin/Sites/develop.svn.wordpress.org/tests/tests/formatting/SanitizeUser.php" line="20" assertions="1" time="0.002028"/>
      <testcase name="test_optional_strict_mode_reduces_to_safe_ascii_subset" class="Tests_Formatting_SanitizeUser" file="/Users/nacin/Sites/develop.svn.wordpress.org/tests/tests/formatting/SanitizeUser.php" line="24" assertions="1" time="0.003571"/>
    </testsuite>
    <testsuite name="Tests_Formatting_SeemsUtf8" file="/Users/nacin/Sites/develop.svn.wordpress.org/tests/tests/formatting/SeemsUtf8.php" fullPackage="Tests.Formatting" tests="5" assertions="5" failures="0" errors="0" time="0.010932">
      <testsuite name="Tests_Formatting_SeemsUtf8::test_returns_true_for_utf8_strings" tests="5" assertions="5" failures="0" errors="0" time="0.010932">
        <testcase name="test_returns_true_for_utf8_strings with data set #0" assertions="1" time="0.002124"/>
        <testcase name="test_returns_true_for_utf8_strings with data set #1" assertions="1" time="0.002089"/>
        <testcase name="test_returns_true_for_utf8_strings with data set #2" assertions="1" time="0.002099"/>
        <testcase name="test_returns_true_for_utf8_strings with data set #3" assertions="1" time="0.002425"/>
        <testcase name="test_returns_true_for_utf8_strings with data set #4" assertions="1" time="0.002195"/>
      </testsuite>
      <testsuite name="Tests_Formatting_SeemsUtf8::test_returns_false_for_non_utf8_strings" tests="0" assertions="0" failures="0" errors="0" time="0.000000"/>
    </testsuite>
    <testsuite name="Tests_Formatting_Slashit" file="/Users/nacin/Sites/develop.svn.wordpress.org/tests/tests/formatting/Slashit.php" fullPackage="Tests.Formatting" tests="6" assertions="7" failures="0" errors="0" time="0.014375">
      <testcase name="test_backslashes_middle_numbers" class="Tests_Formatting_Slashit" file="/Users/nacin/Sites/develop.svn.wordpress.org/tests/tests/formatting/Slashit.php" line="7" assertions="1" time="0.003031"/>
      <testcase name="test_backslashes_alphas" class="Tests_Formatting_Slashit" file="/Users/nacin/Sites/develop.svn.wordpress.org/tests/tests/formatting/Slashit.php" line="11" assertions="1" time="0.002910"/>
      <testcase name="test_double_backslashes_leading_numbers" class="Tests_Formatting_Slashit" file="/Users/nacin/Sites/develop.svn.wordpress.org/tests/tests/formatting/Slashit.php" line="15" assertions="1" time="0.002461"/>
      <testcase name="test_removes_trailing_slashes" class="Tests_Formatting_Slashit" file="/Users/nacin/Sites/develop.svn.wordpress.org/tests/tests/formatting/Slashit.php" line="19" assertions="2" time="0.002316"/>
      <testcase name="test_adds_trailing_slash" class="Tests_Formatting_Slashit" file="/Users/nacin/Sites/develop.svn.wordpress.org/tests/tests/formatting/Slashit.php" line="24" assertions="1" time="0.001899"/>
      <testcase name="test_does_not_add_trailing_slash_if_one_exists" class="Tests_Formatting_Slashit" file="/Users/nacin/Sites/develop.svn.wordpress.org/tests/tests/formatting/Slashit.php" line="28" assertions="1" time="0.001758"/>
    </testsuite>
    <testsuite name="Tests_Formatting_Smilies" file="/Users/nacin/Sites/develop.svn.wordpress.org/tests/tests/formatting/Smilies.php" fullPackage="Tests.Formatting" tests="1" assertions="12" failures="0" errors="0" time="0.009583">
      <testcase name="test_convert_smilies" class="Tests_Formatting_Smilies" file="/Users/nacin/Sites/develop.svn.wordpress.org/tests/tests/formatting/Smilies.php" line="8" assertions="12" time="0.009583"/>
    </testsuite>
    <testsuite name="Tests_Formatting_StripSlashesDeep" file="/Users/nacin/Sites/develop.svn.wordpress.org/tests/tests/formatting/StripSlashesDeep.php" fullPackage="Tests.Formatting" tests="3" assertions="14" failures="0" errors="0" time="0.010120">
      <testcase name="test_preserves_original_datatype" class="Tests_Formatting_StripSlashesDeep" file="/Users/nacin/Sites/develop.svn.wordpress.org/tests/tests/formatting/StripSlashesDeep.php" line="10" assertions="7" time="0.004186"/>
      <testcase name="test_strips_slashes" class="Tests_Formatting_StripSlashesDeep" file="/Users/nacin/Sites/develop.svn.wordpress.org/tests/tests/formatting/StripSlashesDeep.php" line="27" assertions="5" time="0.003318"/>
      <testcase name="test_permits_escaped_slash" class="Tests_Formatting_StripSlashesDeep" file="/Users/nacin/Sites/develop.svn.wordpress.org/tests/tests/formatting/StripSlashesDeep.php" line="42" assertions="2" time="0.002616"/>
    </testsuite>
    <testsuite name="Tests_Formatting_UrlEncodedToEntities" file="/Users/nacin/Sites/develop.svn.wordpress.org/tests/tests/formatting/UrlEncodedToEntities.php" fullPackage="Tests.Formatting" tests="5" assertions="5" failures="0" errors="0" time="0.012234">
      <testsuite name="Tests_Formatting_UrlEncodedToEntities::test_convert_urlencoded_to_entities" tests="5" assertions="5" failures="0" errors="0" time="0.012234">
        <testcase name="test_convert_urlencoded_to_entities with data set #0" assertions="1" time="0.002651"/>
        <testcase name="test_convert_urlencoded_to_entities with data set #1" assertions="1" time="0.002490"/>
        <testcase name="test_convert_urlencoded_to_entities with data set #2" assertions="1" time="0.002591"/>
        <testcase name="test_convert_urlencoded_to_entities with data set #3" assertions="1" time="0.002581"/>
        <testcase name="test_convert_urlencoded_to_entities with data set #4" assertions="1" time="0.001921"/>
      </testsuite>
    </testsuite>
    <testsuite name="Tests_Formatting_Utf8UriEncode" file="/Users/nacin/Sites/develop.svn.wordpress.org/tests/tests/formatting/Utf8UriEncode.php" fullPackage="Tests.Formatting" tests="10" assertions="10" failures="0" errors="0" time="0.022869">
      <testsuite name="Tests_Formatting_Utf8UriEncode::test_percent_encodes_non_reserved_characters" tests="5" assertions="5" failures="0" errors="0" time="0.010751">
        <testcase name="test_percent_encodes_non_reserved_characters with data set #0" assertions="1" time="0.002067"/>
        <testcase name="test_percent_encodes_non_reserved_characters with data set #1" assertions="1" time="0.002220"/>
        <testcase name="test_percent_encodes_non_reserved_characters with data set #2" assertions="1" time="0.002055"/>
        <testcase name="test_percent_encodes_non_reserved_characters with data set #3" assertions="1" time="0.002250"/>
        <testcase name="test_percent_encodes_non_reserved_characters with data set #4" assertions="1" time="0.002158"/>
      </testsuite>
      <testsuite name="Tests_Formatting_Utf8UriEncode::test_output_is_not_longer_than_optional_length_argument" tests="5" assertions="5" failures="0" errors="0" time="0.012118">
        <testcase name="test_output_is_not_longer_than_optional_length_argument with data set #0" assertions="1" time="0.002457"/>
        <testcase name="test_output_is_not_longer_than_optional_length_argument with data set #1" assertions="1" time="0.002699"/>
        <testcase name="test_output_is_not_longer_than_optional_length_argument with data set #2" assertions="1" time="0.002265"/>
        <testcase name="test_output_is_not_longer_than_optional_length_argument with data set #3" assertions="1" time="0.002341"/>
        <testcase name="test_output_is_not_longer_than_optional_length_argument with data set #4" assertions="1" time="0.002356"/>
      </testsuite>
    </testsuite>
    <testsuite name="Tests_Formatting_WPSpecialchars" file="/Users/nacin/Sites/develop.svn.wordpress.org/tests/tests/formatting/WPSpecialchars.php" fullPackage="Tests.Formatting" tests="4" assertions="262" failures="0" errors="0" time="0.059715">
      <testcase name="test_wp_specialchars_basics" class="Tests_Formatting_WPSpecialchars" file="/Users/nacin/Sites/develop.svn.wordpress.org/tests/tests/formatting/WPSpecialchars.php" line="7" assertions="2" time="0.002643"/>
      <testcase name="test_allowed_entity_names" class="Tests_Formatting_WPSpecialchars" file="/Users/nacin/Sites/develop.svn.wordpress.org/tests/tests/formatting/WPSpecialchars.php" line="15" assertions="246" time="0.050809"/>
      <testcase name="test_not_allowed_entity_names" class="Tests_Formatting_WPSpecialchars" file="/Users/nacin/Sites/develop.svn.wordpress.org/tests/tests/formatting/WPSpecialchars.php" line="25" assertions="10" time="0.003764"/>
      <testcase name="test_optionally_escapes_quotes" class="Tests_Formatting_WPSpecialchars" file="/Users/nacin/Sites/develop.svn.wordpress.org/tests/tests/formatting/WPSpecialchars.php" line="35" assertions="4" time="0.002499"/>
    </testsuite>
    <testsuite name="Tests_Formatting_WPTexturize" file="/Users/nacin/Sites/develop.svn.wordpress.org/tests/tests/formatting/WPTexturize.php" fullPackage="Tests.Formatting" tests="8" assertions="34" failures="0" errors="0" time="0.023292">
      <testcase name="test_dashes" class="Tests_Formatting_WPTexturize" file="/Users/nacin/Sites/develop.svn.wordpress.org/tests/tests/formatting/WPTexturize.php" line="7" assertions="2" time="0.002750"/>
      <testcase name="test_disable" class="Tests_Formatting_WPTexturize" file="/Users/nacin/Sites/develop.svn.wordpress.org/tests/tests/formatting/WPTexturize.php" line="12" assertions="8" time="0.003923"/>
      <testcase name="test_bracketed_quotes_1418" class="Tests_Formatting_WPTexturize" file="/Users/nacin/Sites/develop.svn.wordpress.org/tests/tests/formatting/WPTexturize.php" line="33" assertions="3" time="0.002345"/>
      <testcase name="test_bracketed_quotes_3810" class="Tests_Formatting_WPTexturize" file="/Users/nacin/Sites/develop.svn.wordpress.org/tests/tests/formatting/WPTexturize.php" line="40" assertions="1" time="0.002396"/>
      <testcase name="test_basic_quotes" class="Tests_Formatting_WPTexturize" file="/Users/nacin/Sites/develop.svn.wordpress.org/tests/tests/formatting/WPTexturize.php" line="45" assertions="12" time="0.003933"/>
      <testcase name="test_quotes_after_numbers" class="Tests_Formatting_WPTexturize" file="/Users/nacin/Sites/develop.svn.wordpress.org/tests/tests/formatting/WPTexturize.php" line="119" assertions="1" time="0.002413"/>
      <testcase name="test_x" class="Tests_Formatting_WPTexturize" file="/Users/nacin/Sites/develop.svn.wordpress.org/tests/tests/formatting/WPTexturize.php" line="133" assertions="1" time="0.002206"/>
      <testcase name="test_minutes_seconds" class="Tests_Formatting_WPTexturize" file="/Users/nacin/Sites/develop.svn.wordpress.org/tests/tests/formatting/WPTexturize.php" line="137" assertions="6" time="0.003326"/>
    </testsuite>
    <testsuite name="Tests_Formatting_WPTrimWords" file="/Users/nacin/Sites/develop.svn.wordpress.org/tests/tests/formatting/WPTrimWords.php" fullPackage="Tests.Formatting" tests="6" assertions="7" failures="0" errors="0" time="0.014472">
      <testcase name="test_trims_to_55_by_default" class="Tests_Formatting_WPTrimWords" file="/Users/nacin/Sites/develop.svn.wordpress.org/tests/tests/formatting/WPTrimWords.php" line="9" assertions="1" time="0.002459"/>
[...]
      <testcase name="test_empty_taxonomy" class="Tests_XMLRPC_wp_getTerm" file="/Users/nacin/Sites/develop.svn.wordpress.org/tests/tests/xmlrpc/wp/getTerm.php" line="22" assertions="4" time="0.062378"/>
      <testcase name="test_invalid_taxonomy" class="Tests_XMLRPC_wp_getTerm" file="/Users/nacin/Sites/develop.svn.wordpress.org/tests/tests/xmlrpc/wp/getTerm.php" line="31" assertions="4" time="0.061220"/>
      <testcase name="test_incapable_user" class="Tests_XMLRPC_wp_getTerm" file="/Users/nacin/Sites/develop.svn.wordpress.org/tests/tests/xmlrpc/wp/getTerm.php" line="40" assertions="4" time="0.062541"/>
      <testcase name="test_empty_term" class="Tests_XMLRPC_wp_getTerm" file="/Users/nacin/Sites/develop.svn.wordpress.org/tests/tests/xmlrpc/wp/getTerm.php" line="50" assertions="4" time="0.062075"/>
      <testcase name="test_invalid_term" class="Tests_XMLRPC_wp_getTerm" file="/Users/nacin/Sites/develop.svn.wordpress.org/tests/tests/xmlrpc/wp/getTerm.php" line="59" assertions="4" time="0.061947"/>
      <testcase name="test_valid_term" class="Tests_XMLRPC_wp_getTerm" file="/Users/nacin/Sites/develop.svn.wordpress.org/tests/tests/xmlrpc/wp/getTerm.php" line="68" assertions="17" time="0.063067"/>
    </testsuite>
    <testsuite name="Tests_XMLRPC_wp_getTerms" file="/Users/nacin/Sites/develop.svn.wordpress.org/tests/tests/xmlrpc/wp/getTerms.php" fullPackage="Tests.XMLRPC.wp" tests="8" assertions="54" failures="0" errors="0" time="0.678570">
      <testcase name="test_invalid_username_password" class="Tests_XMLRPC_wp_getTerms" file="/Users/nacin/Sites/develop.svn.wordpress.org/tests/tests/xmlrpc/wp/getTerms.php" line="8" assertions="2" time="0.006104"/>
      <testcase name="test_empty_taxonomy" class="Tests_XMLRPC_wp_getTerms" file="/Users/nacin/Sites/develop.svn.wordpress.org/tests/tests/xmlrpc/wp/getTerms.php" line="14" assertions="3" time="0.063844"/>
      <testcase name="test_invalid_taxonomy" class="Tests_XMLRPC_wp_getTerms" file="/Users/nacin/Sites/develop.svn.wordpress.org/tests/tests/xmlrpc/wp/getTerms.php" line="23" assertions="3" time="0.060425"/>
      <testcase name="test_incapable_user" class="Tests_XMLRPC_wp_getTerms" file="/Users/nacin/Sites/develop.svn.wordpress.org/tests/tests/xmlrpc/wp/getTerms.php" line="32" assertions="3" time="0.058463"/>
      <testcase name="test_valid_terms" class="Tests_XMLRPC_wp_getTerms" file="/Users/nacin/Sites/develop.svn.wordpress.org/tests/tests/xmlrpc/wp/getTerms.php" line="41" assertions="11" time="0.062942"/>
      <testcase name="test_custom_taxonomy" class="Tests_XMLRPC_wp_getTerms" file="/Users/nacin/Sites/develop.svn.wordpress.org/tests/tests/xmlrpc/wp/getTerms.php" line="61" assertions="22" time="0.160376"/>
      <testcase name="test_term_ordering" class="Tests_XMLRPC_wp_getTerms" file="/Users/nacin/Sites/develop.svn.wordpress.org/tests/tests/xmlrpc/wp/getTerms.php" line="103" assertions="2" time="0.182356"/>
      <testcase name="test_terms_search" class="Tests_XMLRPC_wp_getTerms" file="/Users/nacin/Sites/develop.svn.wordpress.org/tests/tests/xmlrpc/wp/getTerms.php" line="127" assertions="8" time="0.084060"/>
    </testsuite>
    <testsuite name="Tests_XMLRPC_wp_getUser" file="/Users/nacin/Sites/develop.svn.wordpress.org/tests/tests/xmlrpc/wp/getUser.php" fullPackage="Tests.XMLRPC.wp" tests="8" assertions="44" failures="0" errors="0" time="0.754721">
      <testcase name="test_invalid_username_password" class="Tests_XMLRPC_wp_getUser" file="/Users/nacin/Sites/develop.svn.wordpress.org/tests/tests/xmlrpc/wp/getUser.php" line="26" assertions="2" time="0.044631"/>
      <testcase name="test_invalid_user" class="Tests_XMLRPC_wp_getUser" file="/Users/nacin/Sites/develop.svn.wordpress.org/tests/tests/xmlrpc/wp/getUser.php" line="32" assertions="2" time="0.061180"/>
      <testcase name="test_incapable_user" class="Tests_XMLRPC_wp_getUser" file="/Users/nacin/Sites/develop.svn.wordpress.org/tests/tests/xmlrpc/wp/getUser.php" line="38" assertions="2" time="0.133557"/>
      <testcase name="test_subscriber_self" class="Tests_XMLRPC_wp_getUser" file="/Users/nacin/Sites/develop.svn.wordpress.org/tests/tests/xmlrpc/wp/getUser.php" line="47" assertions="2" time="0.096281"/>
      <testcase name="test_valid_user" class="Tests_XMLRPC_wp_getUser" file="/Users/nacin/Sites/develop.svn.wordpress.org/tests/tests/xmlrpc/wp/getUser.php" line="55" assertions="27" time="0.117178"/>
      <testcase name="test_no_fields" class="Tests_XMLRPC_wp_getUser" file="/Users/nacin/Sites/develop.svn.wordpress.org/tests/tests/xmlrpc/wp/getUser.php" line="110" assertions="3" time="0.101875"/>
      <testcase name="test_basic_fields" class="Tests_XMLRPC_wp_getUser" file="/Users/nacin/Sites/develop.svn.wordpress.org/tests/tests/xmlrpc/wp/getUser.php" line="121" assertions="3" time="0.103977"/>
      <testcase name="test_arbitrary_fields" class="Tests_XMLRPC_wp_getUser" file="/Users/nacin/Sites/develop.svn.wordpress.org/tests/tests/xmlrpc/wp/getUser.php" line="132" assertions="3" time="0.096042"/>
    </testsuite>
    <testsuite name="Tests_XMLRPC_wp_getUsers" file="/Users/nacin/Sites/develop.svn.wordpress.org/tests/tests/xmlrpc/wp/getUsers.php" fullPackage="Tests.XMLRPC.wp" tests="7" assertions="31" failures="0" errors="0" time="1.036671">
      <testcase name="test_invalid_username_password" class="Tests_XMLRPC_wp_getUsers" file="/Users/nacin/Sites/develop.svn.wordpress.org/tests/tests/xmlrpc/wp/getUsers.php" line="9" assertions="2" time="0.006629"/>
      <testcase name="test_incapable_user" class="Tests_XMLRPC_wp_getUsers" file="/Users/nacin/Sites/develop.svn.wordpress.org/tests/tests/xmlrpc/wp/getUsers.php" line="15" assertions="2" time="0.056385"/>
      <testcase name="test_capable_user" class="Tests_XMLRPC_wp_getUsers" file="/Users/nacin/Sites/develop.svn.wordpress.org/tests/tests/xmlrpc/wp/getUsers.php" line="23" assertions="14" time="0.064008"/>
      <testcase name="test_invalid_role" class="Tests_XMLRPC_wp_getUsers" file="/Users/nacin/Sites/develop.svn.wordpress.org/tests/tests/xmlrpc/wp/getUsers.php" line="45" assertions="2" time="0.059998"/>
      <testcase name="test_role_filter" class="Tests_XMLRPC_wp_getUsers" file="/Users/nacin/Sites/develop.svn.wordpress.org/tests/tests/xmlrpc/wp/getUsers.php" line="56" assertions="5" time="0.167851"/>
      <testcase name="test_paging_filters" class="Tests_XMLRPC_wp_getUsers" file="/Users/nacin/Sites/develop.svn.wordpress.org/tests/tests/xmlrpc/wp/getUsers.php" line="77" assertions="1" time="0.619387"/>
      <testcase name="test_order_filters" class="Tests_XMLRPC_wp_getUsers" file="/Users/nacin/Sites/develop.svn.wordpress.org/tests/tests/xmlrpc/wp/getUsers.php" line="102" assertions="5" time="0.062413"/>
    </testsuite>
    <testsuite name="Tests_XMLRPC_wp_newPost" file="/Users/nacin/Sites/develop.svn.wordpress.org/tests/tests/xmlrpc/wp/newPost.php" fullPackage="Tests.XMLRPC.wp" tests="24" assertions="60" failures="0" errors="0" time="2.100758">
      <testcase name="test_invalid_username_password" class="Tests_XMLRPC_wp_newPost" file="/Users/nacin/Sites/develop.svn.wordpress.org/tests/tests/xmlrpc/wp/newPost.php" line="8" assertions="2" time="0.006022"/>
      <testcase name="test_incapable_user" class="Tests_XMLRPC_wp_newPost" file="/Users/nacin/Sites/develop.svn.wordpress.org/tests/tests/xmlrpc/wp/newPost.php" line="14" assertions="2" time="0.056576"/>
      <testcase name="test_no_content" class="Tests_XMLRPC_wp_newPost" file="/Users/nacin/Sites/develop.svn.wordpress.org/tests/tests/xmlrpc/wp/newPost.php" line="22" assertions="3" time="0.069201"/>
      <testcase name="test_basic_content" class="Tests_XMLRPC_wp_newPost" file="/Users/nacin/Sites/develop.svn.wordpress.org/tests/tests/xmlrpc/wp/newPost.php" line="31" assertions="2" time="0.088932"/>
      <testcase name="test_ignore_id" class="Tests_XMLRPC_wp_newPost" file="/Users/nacin/Sites/develop.svn.wordpress.org/tests/tests/xmlrpc/wp/newPost.php" line="40" assertions="2" time="0.096107"/>
      <testcase name="test_capable_publish" class="Tests_XMLRPC_wp_newPost" file="/Users/nacin/Sites/develop.svn.wordpress.org/tests/tests/xmlrpc/wp/newPost.php" line="49" assertions="1" time="0.094235"/>
      <testcase name="test_incapable_publish" class="Tests_XMLRPC_wp_newPost" file="/Users/nacin/Sites/develop.svn.wordpress.org/tests/tests/xmlrpc/wp/newPost.php" line="57" assertions="2" time="0.059698"/>
      <testcase name="test_capable_private" class="Tests_XMLRPC_wp_newPost" file="/Users/nacin/Sites/develop.svn.wordpress.org/tests/tests/xmlrpc/wp/newPost.php" line="66" assertions="1" time="0.087120"/>
      <testcase name="test_incapable_private" class="Tests_XMLRPC_wp_newPost" file="/Users/nacin/Sites/develop.svn.wordpress.org/tests/tests/xmlrpc/wp/newPost.php" line="74" assertions="2" time="0.062346"/>
      <testcase name="test_capable_other_author" class="Tests_XMLRPC_wp_newPost" file="/Users/nacin/Sites/develop.svn.wordpress.org/tests/tests/xmlrpc/wp/newPost.php" line="83" assertions="1" time="0.135867"/>
      <testcase name="test_incapable_other_author" class="Tests_XMLRPC_wp_newPost" file="/Users/nacin/Sites/develop.svn.wordpress.org/tests/tests/xmlrpc/wp/newPost.php" line="92" assertions="2" time="0.163820"/>
      <testcase name="test_invalid_author" class="Tests_XMLRPC_wp_newPost" file="/Users/nacin/Sites/develop.svn.wordpress.org/tests/tests/xmlrpc/wp/newPost.php" line="102" assertions="2" time="0.060824"/>
      <testcase name="test_empty_author" class="Tests_XMLRPC_wp_newPost" file="/Users/nacin/Sites/develop.svn.wordpress.org/tests/tests/xmlrpc/wp/newPost.php" line="111" assertions="4" time="0.088693"/>
      <testcase name="test_post_thumbnail" class="Tests_XMLRPC_wp_newPost" file="/Users/nacin/Sites/develop.svn.wordpress.org/tests/tests/xmlrpc/wp/newPost.php" line="124" assertions="3" time="0.103020"/>
      <testcase name="test_invalid_post_status" class="Tests_XMLRPC_wp_newPost" file="/Users/nacin/Sites/develop.svn.wordpress.org/tests/tests/xmlrpc/wp/newPost.php" line="151" assertions="2" time="0.084907"/>
      <testcase name="test_incapable_sticky" class="Tests_XMLRPC_wp_newPost" file="/Users/nacin/Sites/develop.svn.wordpress.org/tests/tests/xmlrpc/wp/newPost.php" line="160" assertions="2" time="0.065561"/>
      <testcase name="test_capable_sticky" class="Tests_XMLRPC_wp_newPost" file="/Users/nacin/Sites/develop.svn.wordpress.org/tests/tests/xmlrpc/wp/newPost.php" line="169" assertions="2" time="0.087312"/>
      <testcase name="test_private_sticky" class="Tests_XMLRPC_wp_newPost" file="/Users/nacin/Sites/develop.svn.wordpress.org/tests/tests/xmlrpc/wp/newPost.php" line="178" assertions="2" time="0.065045"/>
      <testcase name="test_post_format" class="Tests_XMLRPC_wp_newPost" file="/Users/nacin/Sites/develop.svn.wordpress.org/tests/tests/xmlrpc/wp/newPost.php" line="187" assertions="2" time="0.101755"/>
      <testcase name="test_invalid_post_format" class="Tests_XMLRPC_wp_newPost" file="/Users/nacin/Sites/develop.svn.wordpress.org/tests/tests/xmlrpc/wp/newPost.php" line="196" assertions="2" time="0.093671"/>
      <testcase name="test_invalid_taxonomy" class="Tests_XMLRPC_wp_newPost" file="/Users/nacin/Sites/develop.svn.wordpress.org/tests/tests/xmlrpc/wp/newPost.php" line="205" assertions="4" time="0.087803"/>
      <testcase name="test_invalid_term_id" class="Tests_XMLRPC_wp_newPost" file="/Users/nacin/Sites/develop.svn.wordpress.org/tests/tests/xmlrpc/wp/newPost.php" line="229" assertions="2" time="0.072829"/>
      <testcase name="test_terms" class="Tests_XMLRPC_wp_newPost" file="/Users/nacin/Sites/develop.svn.wordpress.org/tests/tests/xmlrpc/wp/newPost.php" line="243" assertions="7" time="0.112635"/>
      <testcase name="test_terms_names" class="Tests_XMLRPC_wp_newPost" file="/Users/nacin/Sites/develop.svn.wordpress.org/tests/tests/xmlrpc/wp/newPost.php" line="268" assertions="6" time="0.156779"/>
    </testsuite>
    <testsuite name="Tests_XMLRPC_wp_newTerm" file="/Users/nacin/Sites/develop.svn.wordpress.org/tests/tests/xmlrpc/wp/newTerm.php" fullPackage="Tests.XMLRPC.wp" tests="11" assertions="39" failures="0" errors="0" time="0.694329">
      <testcase name="test_invalid_username_password" class="Tests_XMLRPC_wp_newTerm" file="/Users/nacin/Sites/develop.svn.wordpress.org/tests/tests/xmlrpc/wp/newTerm.php" line="17" assertions="3" time="0.008627"/>
      <testcase name="test_empty_taxonomy" class="Tests_XMLRPC_wp_newTerm" file="/Users/nacin/Sites/develop.svn.wordpress.org/tests/tests/xmlrpc/wp/newTerm.php" line="23" assertions="4" time="0.067697"/>
      <testcase name="test_invalid_taxonomy" class="Tests_XMLRPC_wp_newTerm" file="/Users/nacin/Sites/develop.svn.wordpress.org/tests/tests/xmlrpc/wp/newTerm.php" line="32" assertions="4" time="0.066063"/>
      <testcase name="test_incapable_user" class="Tests_XMLRPC_wp_newTerm" file="/Users/nacin/Sites/develop.svn.wordpress.org/tests/tests/xmlrpc/wp/newTerm.php" line="41" assertions="4" time="0.061398"/>
      <testcase name="test_empty_term" class="Tests_XMLRPC_wp_newTerm" file="/Users/nacin/Sites/develop.svn.wordpress.org/tests/tests/xmlrpc/wp/newTerm.php" line="50" assertions="4" time="0.077704"/>
      <testcase name="test_parent_for_nonhierarchical" class="Tests_XMLRPC_wp_newTerm" file="/Users/nacin/Sites/develop.svn.wordpress.org/tests/tests/xmlrpc/wp/newTerm.php" line="59" assertions="4" time="0.062518"/>
      <testcase name="test_parent_invalid" class="Tests_XMLRPC_wp_newTerm" file="/Users/nacin/Sites/develop.svn.wordpress.org/tests/tests/xmlrpc/wp/newTerm.php" line="68" assertions="3" time="0.064258"/>
      <testcase name="test_parent_not_existing" class="Tests_XMLRPC_wp_newTerm" file="/Users/nacin/Sites/develop.svn.wordpress.org/tests/tests/xmlrpc/wp/newTerm.php" line="76" assertions="4" time="0.064635"/>
      <testcase name="test_add_term" class="Tests_XMLRPC_wp_newTerm" file="/Users/nacin/Sites/develop.svn.wordpress.org/tests/tests/xmlrpc/wp/newTerm.php" line="86" assertions="3" time="0.072415"/>
      <testcase name="test_add_term_with_parent" class="Tests_XMLRPC_wp_newTerm" file="/Users/nacin/Sites/develop.svn.wordpress.org/tests/tests/xmlrpc/wp/newTerm.php" line="94" assertions="3" time="0.072709"/>
      <testcase name="test_add_term_with_all" class="Tests_XMLRPC_wp_newTerm" file="/Users/nacin/Sites/develop.svn.wordpress.org/tests/tests/xmlrpc/wp/newTerm.php" line="102" assertions="3" time="0.076305"/>
    </testsuite>
    <testsuite name="Tests_XMLRPC_wp_restoreRevision" file="/Users/nacin/Sites/develop.svn.wordpress.org/tests/tests/xmlrpc/wp/restoreRevision.php" fullPackage="Tests.XMLRPC.wp" tests="4" assertions="7" failures="0" errors="0" time="0.364110">
      <testcase name="test_invalid_username_password" class="Tests_XMLRPC_wp_restoreRevision" file="/Users/nacin/Sites/develop.svn.wordpress.org/tests/tests/xmlrpc/wp/restoreRevision.php" line="24" assertions="2" time="0.039030"/>
      <testcase name="test_incapable_user" class="Tests_XMLRPC_wp_restoreRevision" file="/Users/nacin/Sites/develop.svn.wordpress.org/tests/tests/xmlrpc/wp/restoreRevision.php" line="30" assertions="2" time="0.091950"/>
      <testcase name="test_capable_user" class="Tests_XMLRPC_wp_restoreRevision" file="/Users/nacin/Sites/develop.svn.wordpress.org/tests/tests/xmlrpc/wp/restoreRevision.php" line="38" assertions="1" time="0.122607"/>
      <testcase name="test_revision_restored" class="Tests_XMLRPC_wp_restoreRevision" file="/Users/nacin/Sites/develop.svn.wordpress.org/tests/tests/xmlrpc/wp/restoreRevision.php" line="45" assertions="2" time="0.110523"/>
    </testsuite>
    <testsuite name="Tests_XMLRPC_wp_uploadFile" file="/Users/nacin/Sites/develop.svn.wordpress.org/tests/tests/xmlrpc/wp/uploadFile.php" fullPackage="Tests.XMLRPC.wp" tests="1" assertions="6" failures="0" errors="0" time="0.125643">
      <testcase name="test_valid_attachment" class="Tests_XMLRPC_wp_uploadFile" file="/Users/nacin/Sites/develop.svn.wordpress.org/tests/tests/xmlrpc/wp/uploadFile.php" line="8" assertions="6" time="0.125643"/>
    </testsuite>
    <testsuite name="Tests_Actions_Closures" file="/Users/nacin/Sites/develop.svn.wordpress.org/tests/tests/actions/closures.php" fullPackage="Tests.Actions" tests="1" assertions="4" failures="0" errors="0" time="0.003193">
      <testcase name="test_action_closure" class="Tests_Actions_Closures" file="/Users/nacin/Sites/develop.svn.wordpress.org/tests/tests/actions/closures.php" line="13" assertions="4" time="0.003193"/>
    </testsuite>
    <testsuite name="Tests_Image_Editor" file="/Users/nacin/Sites/develop.svn.wordpress.org/tests/tests/image/editor.php" fullPackage="Tests.Image" tests="6" assertions="15" failures="0" errors="0" time="0.007182">
      <testcase name="test_get_editor_load_returns_true" class="Tests_Image_Editor" file="/Users/nacin/Sites/develop.svn.wordpress.org/tests/tests/image/editor.php" line="26" assertions="1" time="0.001092"/>
      <testcase name="test_get_editor_load_returns_false" class="Tests_Image_Editor" file="/Users/nacin/Sites/develop.svn.wordpress.org/tests/tests/image/editor.php" line="36" assertions="1" time="0.001281"/>
      <testcase name="test_set_quality" class="Tests_Image_Editor" file="/Users/nacin/Sites/develop.svn.wordpress.org/tests/tests/image/editor.php" line="50" assertions="4" time="0.001249"/>
      <testcase name="test_generate_filename" class="Tests_Image_Editor" file="/Users/nacin/Sites/develop.svn.wordpress.org/tests/tests/image/editor.php" line="77" assertions="5" time="0.001407"/>
      <testcase name="test_get_size" class="Tests_Image_Editor" file="/Users/nacin/Sites/develop.svn.wordpress.org/tests/tests/image/editor.php" line="109" assertions="2" time="0.001112"/>
      <testcase name="test_get_suffix" class="Tests_Image_Editor" file="/Users/nacin/Sites/develop.svn.wordpress.org/tests/tests/image/editor.php" line="132" assertions="2" time="0.001041"/>
    </testsuite>
    <testsuite name="Tests_Image_Editor_GD" file="/Users/nacin/Sites/develop.svn.wordpress.org/tests/tests/image/editor_gd.php" fullPackage="Tests.Image.Editor" tests="8" assertions="10" failures="0" errors="0" time="0.011965">
      <testcase name="test_supports_mime_type" class="Tests_Image_Editor_GD" file="/Users/nacin/Sites/develop.svn.wordpress.org/tests/tests/image/editor_gd.php" line="23" assertions="3" time="0.000266"/>
      <testcase name="test_resize" class="Tests_Image_Editor_GD" file="/Users/nacin/Sites/develop.svn.wordpress.org/tests/tests/image/editor_gd.php" line="35" assertions="1" time="0.001443"/>
      <testcase name="test_resize_and_crop" class="Tests_Image_Editor_GD" file="/Users/nacin/Sites/develop.svn.wordpress.org/tests/tests/image/editor_gd.php" line="51" assertions="1" time="0.001320"/>
      <testcase name="test_crop" class="Tests_Image_Editor_GD" file="/Users/nacin/Sites/develop.svn.wordpress.org/tests/tests/image/editor_gd.php" line="66" assertions="1" time="0.001091"/>
      <testcase name="test_rotate" class="Tests_Image_Editor_GD" file="/Users/nacin/Sites/develop.svn.wordpress.org/tests/tests/image/editor_gd.php" line="82" assertions="1" time="0.001039"/>
      <testcase name="test_flip" class="Tests_Image_Editor_GD" file="/Users/nacin/Sites/develop.svn.wordpress.org/tests/tests/image/editor_gd.php" line="102" assertions="1" time="0.001586"/>
      <testcase name="test_image_preserves_alpha_on_resize" class="Tests_Image_Editor_GD" file="/Users/nacin/Sites/develop.svn.wordpress.org/tests/tests/image/editor_gd.php" line="124" assertions="1" time="0.002712"/>
      <testcase name="test_image_preserves_alpha" class="Tests_Image_Editor_GD" file="/Users/nacin/Sites/develop.svn.wordpress.org/tests/tests/image/editor_gd.php" line="144" assertions="1" time="0.002508"/>
    </testsuite>
    <testsuite name="Tests_Image_Editor_Imagick" file="/Users/nacin/Sites/develop.svn.wordpress.org/tests/tests/image/editor_imagick.php" fullPackage="Tests.Image.Editor" tests="0" assertions="0" failures="0" errors="0" time="0.000000"/>
  </testsuite>
</testsuites>
